{"/home/ubuntu/workspace/glue/transport/syslog/index.js": {"path":"/home/ubuntu/workspace/glue/transport/syslog/index.js","statementMap":{"0":{"start":{"line":15,"column":15},"end":{"line":15,"column":32}},"1":{"start":{"line":16,"column":11},"end":{"line":16,"column":24}},"2":{"start":{"line":17,"column":12},"end":{"line":17,"column":26}},"3":{"start":{"line":18,"column":18},"end":{"line":18,"column":30}},"4":{"start":{"line":19,"column":11},"end":{"line":19,"column":24}},"5":{"start":{"line":30,"column":2},"end":{"line":86,"column":5}},"6":{"start":{"line":31,"column":20},"end":{"line":31,"column":21}},"7":{"start":{"line":33,"column":21},"end":{"line":33,"column":74}},"8":{"start":{"line":34,"column":4},"end":{"line":85,"column":5}},"9":{"start":{"line":35,"column":6},"end":{"line":79,"column":7}},"10":{"start":{"line":36,"column":8},"end":{"line":42,"column":9}},"11":{"start":{"line":37,"column":10},"end":{"line":37,"column":23}},"12":{"start":{"line":38,"column":15},"end":{"line":42,"column":9}},"13":{"start":{"line":39,"column":10},"end":{"line":39,"column":23}},"14":{"start":{"line":41,"column":10},"end":{"line":41,"column":70}},"15":{"start":{"line":44,"column":18},"end":{"line":44,"column":43}},"16":{"start":{"line":45,"column":18},"end":{"line":45,"column":43}},"17":{"start":{"line":46,"column":18},"end":{"line":46,"column":43}},"18":{"start":{"line":47,"column":8},"end":{"line":78,"column":9}},"19":{"start":{"line":48,"column":10},"end":{"line":62,"column":11}},"20":{"start":{"line":50,"column":11},"end":{"line":56,"column":12}},"21":{"start":{"line":51,"column":12},"end":{"line":51,"column":27}},"22":{"start":{"line":52,"column":18},"end":{"line":56,"column":12}},"23":{"start":{"line":53,"column":12},"end":{"line":53,"column":28}},"24":{"start":{"line":55,"column":13},"end":{"line":55,"column":64}},"25":{"start":{"line":58,"column":12},"end":{"line":61,"column":41}},"26":{"start":{"line":64,"column":10},"end":{"line":64,"column":25}},"27":{"start":{"line":65,"column":22},"end":{"line":65,"column":29}},"28":{"start":{"line":66,"column":24},"end":{"line":66,"column":31}},"29":{"start":{"line":67,"column":23},"end":{"line":67,"column":30}},"30":{"start":{"line":68,"column":18},"end":{"line":68,"column":50}},"31":{"start":{"line":69,"column":10},"end":{"line":69,"column":33}},"32":{"start":{"line":70,"column":10},"end":{"line":74,"column":11}},"33":{"start":{"line":71,"column":12},"end":{"line":73,"column":39}},"34":{"start":{"line":75,"column":10},"end":{"line":77,"column":11}},"35":{"start":{"line":76,"column":12},"end":{"line":76,"column":28}},"36":{"start":{"line":80,"column":6},"end":{"line":80,"column":25}},"37":{"start":{"line":81,"column":6},"end":{"line":81,"column":13}},"38":{"start":{"line":83,"column":6},"end":{"line":83,"column":74}},"39":{"start":{"line":84,"column":6},"end":{"line":84,"column":13}},"40":{"start":{"line":141,"column":4},"end":{"line":141,"column":30}},"41":{"start":{"line":142,"column":4},"end":{"line":144,"column":5}},"42":{"start":{"line":143,"column":6},"end":{"line":143,"column":19}},"43":{"start":{"line":147,"column":4},"end":{"line":147,"column":48}},"44":{"start":{"line":149,"column":4},"end":{"line":149,"column":46}},"45":{"start":{"line":150,"column":4},"end":{"line":150,"column":48}},"46":{"start":{"line":152,"column":4},"end":{"line":152,"column":36}},"47":{"start":{"line":154,"column":4},"end":{"line":154,"column":50}},"48":{"start":{"line":155,"column":4},"end":{"line":162,"column":5}},"49":{"start":{"line":158,"column":6},"end":{"line":158,"column":53}},"50":{"start":{"line":161,"column":6},"end":{"line":161,"column":31}},"51":{"start":{"line":163,"column":4},"end":{"line":166,"column":5}},"52":{"start":{"line":165,"column":6},"end":{"line":165,"column":49}},"53":{"start":{"line":167,"column":4},"end":{"line":170,"column":5}},"54":{"start":{"line":169,"column":6},"end":{"line":169,"column":47}},"55":{"start":{"line":172,"column":4},"end":{"line":177,"column":5}},"56":{"start":{"line":174,"column":6},"end":{"line":174,"column":49}},"57":{"start":{"line":176,"column":6},"end":{"line":176,"column":45}},"58":{"start":{"line":178,"column":4},"end":{"line":185,"column":5}},"59":{"start":{"line":179,"column":6},"end":{"line":184,"column":7}},"60":{"start":{"line":181,"column":8},"end":{"line":181,"column":39}},"61":{"start":{"line":183,"column":8},"end":{"line":183,"column":44}},"62":{"start":{"line":186,"column":4},"end":{"line":193,"column":5}},"63":{"start":{"line":187,"column":6},"end":{"line":192,"column":7}},"64":{"start":{"line":189,"column":8},"end":{"line":189,"column":39}},"65":{"start":{"line":191,"column":8},"end":{"line":191,"column":44}},"66":{"start":{"line":194,"column":4},"end":{"line":201,"column":5}},"67":{"start":{"line":195,"column":6},"end":{"line":200,"column":7}},"68":{"start":{"line":197,"column":8},"end":{"line":197,"column":33}},"69":{"start":{"line":199,"column":8},"end":{"line":199,"column":38}},"70":{"start":{"line":202,"column":4},"end":{"line":209,"column":5}},"71":{"start":{"line":203,"column":6},"end":{"line":208,"column":7}},"72":{"start":{"line":205,"column":8},"end":{"line":205,"column":31}},"73":{"start":{"line":207,"column":8},"end":{"line":207,"column":36}},"74":{"start":{"line":210,"column":4},"end":{"line":212,"column":5}},"75":{"start":{"line":211,"column":6},"end":{"line":211,"column":35}},"76":{"start":{"line":213,"column":4},"end":{"line":215,"column":5}},"77":{"start":{"line":214,"column":6},"end":{"line":214,"column":35}},"78":{"start":{"line":216,"column":4},"end":{"line":218,"column":5}},"79":{"start":{"line":217,"column":6},"end":{"line":217,"column":29}},"80":{"start":{"line":219,"column":4},"end":{"line":221,"column":5}},"81":{"start":{"line":220,"column":6},"end":{"line":220,"column":27}},"82":{"start":{"line":236,"column":4},"end":{"line":248,"column":7}},"83":{"start":{"line":237,"column":6},"end":{"line":246,"column":7}},"84":{"start":{"line":239,"column":8},"end":{"line":239,"column":36}},"85":{"start":{"line":240,"column":13},"end":{"line":246,"column":7}},"86":{"start":{"line":241,"column":8},"end":{"line":241,"column":38}},"87":{"start":{"line":243,"column":21},"end":{"line":243,"column":79}},"88":{"start":{"line":244,"column":8},"end":{"line":244,"column":41}},"89":{"start":{"line":245,"column":8},"end":{"line":245,"column":34}},"90":{"start":{"line":247,"column":6},"end":{"line":247,"column":20}},"91":{"start":{"line":258,"column":4},"end":{"line":277,"column":7}},"92":{"start":{"line":259,"column":20},"end":{"line":259,"column":36}},"93":{"start":{"line":260,"column":25},"end":{"line":262,"column":7}},"94":{"start":{"line":263,"column":6},"end":{"line":276,"column":13}},"95":{"start":{"line":265,"column":28},"end":{"line":265,"column":65}},"96":{"start":{"line":266,"column":25},"end":{"line":266,"column":52}},"97":{"start":{"line":268,"column":28},"end":{"line":268,"column":52}},"98":{"start":{"line":269,"column":12},"end":{"line":272,"column":15}},"99":{"start":{"line":270,"column":14},"end":{"line":270,"column":29}},"100":{"start":{"line":271,"column":14},"end":{"line":271,"column":27}},"101":{"start":{"line":275,"column":12},"end":{"line":275,"column":26}},"102":{"start":{"line":288,"column":4},"end":{"line":323,"column":7}},"103":{"start":{"line":289,"column":18},"end":{"line":289,"column":32}},"104":{"start":{"line":290,"column":25},"end":{"line":292,"column":7}},"105":{"start":{"line":293,"column":6},"end":{"line":322,"column":13}},"106":{"start":{"line":295,"column":31},"end":{"line":299,"column":13}},"107":{"start":{"line":300,"column":27},"end":{"line":306,"column":14}},"108":{"start":{"line":302,"column":30},"end":{"line":302,"column":54}},"109":{"start":{"line":303,"column":14},"end":{"line":305,"column":17}},"110":{"start":{"line":304,"column":16},"end":{"line":304,"column":29}},"111":{"start":{"line":307,"column":12},"end":{"line":307,"column":47}},"112":{"start":{"line":308,"column":12},"end":{"line":310,"column":15}},"113":{"start":{"line":309,"column":14},"end":{"line":309,"column":27}},"114":{"start":{"line":311,"column":12},"end":{"line":314,"column":15}},"115":{"start":{"line":312,"column":14},"end":{"line":312,"column":27}},"116":{"start":{"line":313,"column":14},"end":{"line":313,"column":76}},"117":{"start":{"line":315,"column":12},"end":{"line":318,"column":15}},"118":{"start":{"line":316,"column":14},"end":{"line":316,"column":31}},"119":{"start":{"line":317,"column":14},"end":{"line":317,"column":28}},"120":{"start":{"line":321,"column":12},"end":{"line":321,"column":26}},"121":{"start":{"line":334,"column":4},"end":{"line":394,"column":7}},"122":{"start":{"line":335,"column":18},"end":{"line":335,"column":32}},"123":{"start":{"line":336,"column":25},"end":{"line":339,"column":7}},"124":{"start":{"line":341,"column":6},"end":{"line":357,"column":7}},"125":{"start":{"line":343,"column":8},"end":{"line":343,"column":60}},"126":{"start":{"line":344,"column":8},"end":{"line":344,"column":62}},"127":{"start":{"line":345,"column":13},"end":{"line":357,"column":7}},"128":{"start":{"line":347,"column":21},"end":{"line":347,"column":63}},"129":{"start":{"line":348,"column":8},"end":{"line":348,"column":36}},"130":{"start":{"line":349,"column":8},"end":{"line":349,"column":34}},"131":{"start":{"line":350,"column":8},"end":{"line":350,"column":15}},"132":{"start":{"line":351,"column":13},"end":{"line":357,"column":7}},"133":{"start":{"line":353,"column":21},"end":{"line":353,"column":64}},"134":{"start":{"line":354,"column":8},"end":{"line":354,"column":36}},"135":{"start":{"line":355,"column":8},"end":{"line":355,"column":34}},"136":{"start":{"line":356,"column":8},"end":{"line":356,"column":15}},"137":{"start":{"line":359,"column":21},"end":{"line":359,"column":47}},"138":{"start":{"line":360,"column":6},"end":{"line":373,"column":7}},"139":{"start":{"line":361,"column":30},"end":{"line":361,"column":32}},"140":{"start":{"line":362,"column":8},"end":{"line":370,"column":9}},"141":{"start":{"line":363,"column":10},"end":{"line":367,"column":11}},"142":{"start":{"line":364,"column":25},"end":{"line":364,"column":68}},"143":{"start":{"line":365,"column":12},"end":{"line":365,"column":40}},"144":{"start":{"line":366,"column":12},"end":{"line":366,"column":38}},"145":{"start":{"line":368,"column":21},"end":{"line":368,"column":68}},"146":{"start":{"line":369,"column":10},"end":{"line":369,"column":37}},"147":{"start":{"line":371,"column":8},"end":{"line":371,"column":40}},"148":{"start":{"line":372,"column":8},"end":{"line":372,"column":45}},"149":{"start":{"line":374,"column":21},"end":{"line":380,"column":8}},"150":{"start":{"line":376,"column":24},"end":{"line":376,"column":48}},"151":{"start":{"line":377,"column":8},"end":{"line":379,"column":11}},"152":{"start":{"line":378,"column":10},"end":{"line":378,"column":23}},"153":{"start":{"line":381,"column":6},"end":{"line":381,"column":41}},"154":{"start":{"line":383,"column":6},"end":{"line":385,"column":9}},"155":{"start":{"line":384,"column":8},"end":{"line":384,"column":21}},"156":{"start":{"line":386,"column":6},"end":{"line":389,"column":9}},"157":{"start":{"line":387,"column":8},"end":{"line":387,"column":21}},"158":{"start":{"line":388,"column":8},"end":{"line":388,"column":70}},"159":{"start":{"line":390,"column":6},"end":{"line":393,"column":9}},"160":{"start":{"line":391,"column":8},"end":{"line":391,"column":25}},"161":{"start":{"line":392,"column":8},"end":{"line":392,"column":22}},"162":{"start":{"line":406,"column":4},"end":{"line":441,"column":7}},"163":{"start":{"line":407,"column":6},"end":{"line":410,"column":7}},"164":{"start":{"line":408,"column":8},"end":{"line":408,"column":73}},"165":{"start":{"line":409,"column":8},"end":{"line":409,"column":15}},"166":{"start":{"line":411,"column":6},"end":{"line":411,"column":50}},"167":{"start":{"line":412,"column":6},"end":{"line":440,"column":7}},"168":{"start":{"line":413,"column":8},"end":{"line":419,"column":15}},"169":{"start":{"line":415,"column":14},"end":{"line":415,"column":30}},"170":{"start":{"line":418,"column":14},"end":{"line":418,"column":28}},"171":{"start":{"line":420,"column":13},"end":{"line":440,"column":7}},"172":{"start":{"line":421,"column":8},"end":{"line":427,"column":15}},"173":{"start":{"line":423,"column":14},"end":{"line":423,"column":30}},"174":{"start":{"line":426,"column":14},"end":{"line":426,"column":28}},"175":{"start":{"line":428,"column":13},"end":{"line":440,"column":7}},"176":{"start":{"line":429,"column":8},"end":{"line":435,"column":15}},"177":{"start":{"line":431,"column":14},"end":{"line":431,"column":30}},"178":{"start":{"line":434,"column":14},"end":{"line":434,"column":28}},"179":{"start":{"line":437,"column":23},"end":{"line":437,"column":73}},"180":{"start":{"line":438,"column":8},"end":{"line":438,"column":34}},"181":{"start":{"line":439,"column":8},"end":{"line":439,"column":36}},"182":{"start":{"line":497,"column":4},"end":{"line":497,"column":30}},"183":{"start":{"line":498,"column":4},"end":{"line":498,"column":28}},"184":{"start":{"line":499,"column":4},"end":{"line":499,"column":54}},"185":{"start":{"line":500,"column":4},"end":{"line":500,"column":57}},"186":{"start":{"line":501,"column":4},"end":{"line":501,"column":43}},"187":{"start":{"line":502,"column":4},"end":{"line":507,"column":5}},"188":{"start":{"line":504,"column":6},"end":{"line":504,"column":24}},"189":{"start":{"line":506,"column":6},"end":{"line":506,"column":25}},"190":{"start":{"line":508,"column":4},"end":{"line":513,"column":5}},"191":{"start":{"line":510,"column":6},"end":{"line":510,"column":32}},"192":{"start":{"line":512,"column":6},"end":{"line":512,"column":33}},"193":{"start":{"line":514,"column":4},"end":{"line":521,"column":5}},"194":{"start":{"line":515,"column":6},"end":{"line":520,"column":7}},"195":{"start":{"line":517,"column":8},"end":{"line":517,"column":49}},"196":{"start":{"line":519,"column":8},"end":{"line":519,"column":37}},"197":{"start":{"line":522,"column":4},"end":{"line":548,"column":5}},"198":{"start":{"line":524,"column":6},"end":{"line":524,"column":30}},"199":{"start":{"line":526,"column":6},"end":{"line":526,"column":28}},"200":{"start":{"line":528,"column":6},"end":{"line":528,"column":31}},"201":{"start":{"line":530,"column":6},"end":{"line":530,"column":28}},"202":{"start":{"line":532,"column":6},"end":{"line":532,"column":30}},"203":{"start":{"line":534,"column":6},"end":{"line":534,"column":29}},"204":{"start":{"line":536,"column":6},"end":{"line":536,"column":35}},"205":{"start":{"line":538,"column":6},"end":{"line":538,"column":27}},"206":{"start":{"line":540,"column":6},"end":{"line":540,"column":31}},"207":{"start":{"line":541,"column":6},"end":{"line":541,"column":27}},"208":{"start":{"line":542,"column":6},"end":{"line":542,"column":30}},"209":{"start":{"line":543,"column":6},"end":{"line":543,"column":27}},"210":{"start":{"line":544,"column":6},"end":{"line":544,"column":29}},"211":{"start":{"line":545,"column":6},"end":{"line":545,"column":28}},"212":{"start":{"line":546,"column":6},"end":{"line":546,"column":35}},"213":{"start":{"line":547,"column":6},"end":{"line":547,"column":27}},"214":{"start":{"line":549,"column":4},"end":{"line":551,"column":5}},"215":{"start":{"line":550,"column":6},"end":{"line":550,"column":56}},"216":{"start":{"line":583,"column":4},"end":{"line":720,"column":7}},"217":{"start":{"line":584,"column":26},"end":{"line":584,"column":28}},"218":{"start":{"line":585,"column":6},"end":{"line":600,"column":7}},"219":{"start":{"line":586,"column":8},"end":{"line":599,"column":12}},"220":{"start":{"line":588,"column":14},"end":{"line":598,"column":21}},"221":{"start":{"line":590,"column":20},"end":{"line":590,"column":49}},"222":{"start":{"line":591,"column":20},"end":{"line":591,"column":34}},"223":{"start":{"line":594,"column":20},"end":{"line":594,"column":51}},"224":{"start":{"line":595,"column":20},"end":{"line":595,"column":54}},"225":{"start":{"line":596,"column":20},"end":{"line":596,"column":75}},"226":{"start":{"line":597,"column":20},"end":{"line":597,"column":34}},"227":{"start":{"line":601,"column":6},"end":{"line":616,"column":7}},"228":{"start":{"line":602,"column":8},"end":{"line":615,"column":12}},"229":{"start":{"line":604,"column":14},"end":{"line":614,"column":21}},"230":{"start":{"line":606,"column":20},"end":{"line":606,"column":45}},"231":{"start":{"line":607,"column":20},"end":{"line":607,"column":34}},"232":{"start":{"line":610,"column":20},"end":{"line":610,"column":51}},"233":{"start":{"line":611,"column":20},"end":{"line":611,"column":50}},"234":{"start":{"line":612,"column":20},"end":{"line":612,"column":75}},"235":{"start":{"line":613,"column":20},"end":{"line":613,"column":34}},"236":{"start":{"line":617,"column":6},"end":{"line":632,"column":7}},"237":{"start":{"line":618,"column":8},"end":{"line":631,"column":12}},"238":{"start":{"line":620,"column":14},"end":{"line":630,"column":21}},"239":{"start":{"line":622,"column":20},"end":{"line":622,"column":48}},"240":{"start":{"line":623,"column":20},"end":{"line":623,"column":34}},"241":{"start":{"line":626,"column":20},"end":{"line":626,"column":51}},"242":{"start":{"line":627,"column":20},"end":{"line":627,"column":53}},"243":{"start":{"line":628,"column":20},"end":{"line":628,"column":75}},"244":{"start":{"line":629,"column":20},"end":{"line":629,"column":34}},"245":{"start":{"line":633,"column":6},"end":{"line":648,"column":7}},"246":{"start":{"line":634,"column":8},"end":{"line":647,"column":12}},"247":{"start":{"line":636,"column":14},"end":{"line":646,"column":21}},"248":{"start":{"line":638,"column":20},"end":{"line":638,"column":45}},"249":{"start":{"line":639,"column":20},"end":{"line":639,"column":34}},"250":{"start":{"line":642,"column":20},"end":{"line":642,"column":51}},"251":{"start":{"line":643,"column":20},"end":{"line":643,"column":50}},"252":{"start":{"line":644,"column":20},"end":{"line":644,"column":75}},"253":{"start":{"line":645,"column":20},"end":{"line":645,"column":34}},"254":{"start":{"line":649,"column":6},"end":{"line":664,"column":7}},"255":{"start":{"line":650,"column":8},"end":{"line":663,"column":12}},"256":{"start":{"line":652,"column":14},"end":{"line":662,"column":21}},"257":{"start":{"line":654,"column":20},"end":{"line":654,"column":47}},"258":{"start":{"line":655,"column":20},"end":{"line":655,"column":34}},"259":{"start":{"line":658,"column":20},"end":{"line":658,"column":51}},"260":{"start":{"line":659,"column":20},"end":{"line":659,"column":52}},"261":{"start":{"line":660,"column":20},"end":{"line":660,"column":75}},"262":{"start":{"line":661,"column":20},"end":{"line":661,"column":34}},"263":{"start":{"line":665,"column":6},"end":{"line":680,"column":7}},"264":{"start":{"line":666,"column":8},"end":{"line":679,"column":12}},"265":{"start":{"line":668,"column":14},"end":{"line":678,"column":21}},"266":{"start":{"line":670,"column":20},"end":{"line":670,"column":46}},"267":{"start":{"line":671,"column":20},"end":{"line":671,"column":34}},"268":{"start":{"line":674,"column":20},"end":{"line":674,"column":51}},"269":{"start":{"line":675,"column":20},"end":{"line":675,"column":51}},"270":{"start":{"line":676,"column":20},"end":{"line":676,"column":75}},"271":{"start":{"line":677,"column":20},"end":{"line":677,"column":34}},"272":{"start":{"line":681,"column":6},"end":{"line":696,"column":7}},"273":{"start":{"line":682,"column":8},"end":{"line":695,"column":12}},"274":{"start":{"line":684,"column":14},"end":{"line":694,"column":21}},"275":{"start":{"line":686,"column":20},"end":{"line":686,"column":53}},"276":{"start":{"line":687,"column":20},"end":{"line":687,"column":34}},"277":{"start":{"line":690,"column":20},"end":{"line":690,"column":51}},"278":{"start":{"line":691,"column":20},"end":{"line":691,"column":58}},"279":{"start":{"line":692,"column":20},"end":{"line":692,"column":75}},"280":{"start":{"line":693,"column":20},"end":{"line":693,"column":34}},"281":{"start":{"line":697,"column":6},"end":{"line":712,"column":7}},"282":{"start":{"line":698,"column":8},"end":{"line":711,"column":12}},"283":{"start":{"line":700,"column":14},"end":{"line":710,"column":21}},"284":{"start":{"line":702,"column":20},"end":{"line":702,"column":45}},"285":{"start":{"line":703,"column":20},"end":{"line":703,"column":34}},"286":{"start":{"line":706,"column":20},"end":{"line":706,"column":51}},"287":{"start":{"line":707,"column":20},"end":{"line":707,"column":50}},"288":{"start":{"line":708,"column":20},"end":{"line":708,"column":75}},"289":{"start":{"line":709,"column":20},"end":{"line":709,"column":34}},"290":{"start":{"line":713,"column":6},"end":{"line":719,"column":13}},"291":{"start":{"line":715,"column":12},"end":{"line":715,"column":26}},"292":{"start":{"line":718,"column":12},"end":{"line":718,"column":26}},"293":{"start":{"line":734,"column":4},"end":{"line":782,"column":7}},"294":{"start":{"line":735,"column":6},"end":{"line":735,"column":30}},"295":{"start":{"line":736,"column":21},"end":{"line":737,"column":30}},"296":{"start":{"line":738,"column":6},"end":{"line":743,"column":7}},"297":{"start":{"line":739,"column":21},"end":{"line":739,"column":68}},"298":{"start":{"line":740,"column":8},"end":{"line":740,"column":66}},"299":{"start":{"line":741,"column":8},"end":{"line":741,"column":34}},"300":{"start":{"line":742,"column":8},"end":{"line":742,"column":15}},"301":{"start":{"line":744,"column":19},"end":{"line":744,"column":21}},"302":{"start":{"line":745,"column":22},"end":{"line":745,"column":26}},"303":{"start":{"line":746,"column":27},"end":{"line":746,"column":43}},"304":{"start":{"line":747,"column":25},"end":{"line":747,"column":33}},"305":{"start":{"line":748,"column":25},"end":{"line":748,"column":36}},"306":{"start":{"line":750,"column":18},"end":{"line":750,"column":48}},"307":{"start":{"line":752,"column":6},"end":{"line":752,"column":42}},"308":{"start":{"line":754,"column":6},"end":{"line":767,"column":7}},"309":{"start":{"line":755,"column":8},"end":{"line":755,"column":50}},"310":{"start":{"line":756,"column":24},"end":{"line":756,"column":27}},"311":{"start":{"line":757,"column":8},"end":{"line":759,"column":9}},"312":{"start":{"line":758,"column":10},"end":{"line":758,"column":31}},"313":{"start":{"line":760,"column":8},"end":{"line":765,"column":9}},"314":{"start":{"line":761,"column":10},"end":{"line":761,"column":40}},"315":{"start":{"line":762,"column":10},"end":{"line":762,"column":27}},"316":{"start":{"line":764,"column":10},"end":{"line":764,"column":29}},"317":{"start":{"line":766,"column":8},"end":{"line":766,"column":56}},"318":{"start":{"line":770,"column":31},"end":{"line":770,"column":109}},"319":{"start":{"line":771,"column":24},"end":{"line":773,"column":45}},"320":{"start":{"line":775,"column":6},"end":{"line":775,"column":31}},"321":{"start":{"line":776,"column":6},"end":{"line":776,"column":26}},"322":{"start":{"line":777,"column":6},"end":{"line":777,"column":36}},"323":{"start":{"line":778,"column":6},"end":{"line":778,"column":43}},"324":{"start":{"line":779,"column":6},"end":{"line":779,"column":26}},"325":{"start":{"line":780,"column":6},"end":{"line":780,"column":24}},"326":{"start":{"line":781,"column":6},"end":{"line":781,"column":22}},"327":{"start":{"line":798,"column":4},"end":{"line":815,"column":7}},"328":{"start":{"line":799,"column":6},"end":{"line":801,"column":7}},"329":{"start":{"line":800,"column":8},"end":{"line":800,"column":35}},"330":{"start":{"line":802,"column":6},"end":{"line":814,"column":11}},"331":{"start":{"line":804,"column":10},"end":{"line":810,"column":15}},"332":{"start":{"line":806,"column":14},"end":{"line":806,"column":34}},"333":{"start":{"line":809,"column":14},"end":{"line":809,"column":28}},"334":{"start":{"line":813,"column":10},"end":{"line":813,"column":24}},"335":{"start":{"line":825,"column":4},"end":{"line":828,"column":7}},"336":{"start":{"line":838,"column":4},"end":{"line":838,"column":31}},"337":{"start":{"line":848,"column":4},"end":{"line":851,"column":7}},"338":{"start":{"line":861,"column":4},"end":{"line":864,"column":7}},"339":{"start":{"line":874,"column":4},"end":{"line":874,"column":30}},"340":{"start":{"line":884,"column":4},"end":{"line":887,"column":7}},"341":{"start":{"line":897,"column":4},"end":{"line":897,"column":27}},"342":{"start":{"line":907,"column":4},"end":{"line":910,"column":7}},"343":{"start":{"line":920,"column":4},"end":{"line":920,"column":29}},"344":{"start":{"line":930,"column":4},"end":{"line":933,"column":7}},"345":{"start":{"line":943,"column":4},"end":{"line":943,"column":28}},"346":{"start":{"line":953,"column":4},"end":{"line":956,"column":7}},"347":{"start":{"line":966,"column":4},"end":{"line":966,"column":35}},"348":{"start":{"line":976,"column":4},"end":{"line":976,"column":35}},"349":{"start":{"line":986,"column":4},"end":{"line":989,"column":7}},"350":{"start":{"line":1052,"column":4},"end":{"line":1052,"column":30}},"351":{"start":{"line":1053,"column":4},"end":{"line":1053,"column":28}},"352":{"start":{"line":1054,"column":4},"end":{"line":1054,"column":54}},"353":{"start":{"line":1055,"column":4},"end":{"line":1055,"column":57}},"354":{"start":{"line":1056,"column":4},"end":{"line":1061,"column":5}},"355":{"start":{"line":1058,"column":6},"end":{"line":1058,"column":28}},"356":{"start":{"line":1060,"column":6},"end":{"line":1060,"column":29}},"357":{"start":{"line":1062,"column":4},"end":{"line":1067,"column":5}},"358":{"start":{"line":1064,"column":6},"end":{"line":1064,"column":31}},"359":{"start":{"line":1066,"column":6},"end":{"line":1066,"column":32}},"360":{"start":{"line":1068,"column":4},"end":{"line":1073,"column":5}},"361":{"start":{"line":1070,"column":6},"end":{"line":1070,"column":30}},"362":{"start":{"line":1072,"column":6},"end":{"line":1072,"column":31}},"363":{"start":{"line":1074,"column":4},"end":{"line":1079,"column":5}},"364":{"start":{"line":1076,"column":6},"end":{"line":1076,"column":30}},"365":{"start":{"line":1078,"column":6},"end":{"line":1078,"column":31}},"366":{"start":{"line":1080,"column":4},"end":{"line":1085,"column":5}},"367":{"start":{"line":1082,"column":6},"end":{"line":1082,"column":40}},"368":{"start":{"line":1084,"column":6},"end":{"line":1084,"column":41}},"369":{"start":{"line":1086,"column":4},"end":{"line":1091,"column":5}},"370":{"start":{"line":1088,"column":6},"end":{"line":1088,"column":26}},"371":{"start":{"line":1090,"column":6},"end":{"line":1090,"column":27}},"372":{"start":{"line":1092,"column":4},"end":{"line":1097,"column":5}},"373":{"start":{"line":1094,"column":6},"end":{"line":1094,"column":24}},"374":{"start":{"line":1096,"column":6},"end":{"line":1096,"column":25}},"375":{"start":{"line":1098,"column":4},"end":{"line":1103,"column":5}},"376":{"start":{"line":1100,"column":6},"end":{"line":1100,"column":32}},"377":{"start":{"line":1102,"column":6},"end":{"line":1102,"column":33}},"378":{"start":{"line":1104,"column":4},"end":{"line":1111,"column":5}},"379":{"start":{"line":1105,"column":6},"end":{"line":1110,"column":7}},"380":{"start":{"line":1107,"column":8},"end":{"line":1107,"column":49}},"381":{"start":{"line":1109,"column":8},"end":{"line":1109,"column":37}},"382":{"start":{"line":1112,"column":4},"end":{"line":1138,"column":5}},"383":{"start":{"line":1114,"column":6},"end":{"line":1114,"column":30}},"384":{"start":{"line":1116,"column":6},"end":{"line":1116,"column":28}},"385":{"start":{"line":1118,"column":6},"end":{"line":1118,"column":31}},"386":{"start":{"line":1120,"column":6},"end":{"line":1120,"column":28}},"387":{"start":{"line":1122,"column":6},"end":{"line":1122,"column":30}},"388":{"start":{"line":1124,"column":6},"end":{"line":1124,"column":29}},"389":{"start":{"line":1126,"column":6},"end":{"line":1126,"column":35}},"390":{"start":{"line":1128,"column":6},"end":{"line":1128,"column":27}},"391":{"start":{"line":1130,"column":6},"end":{"line":1130,"column":31}},"392":{"start":{"line":1131,"column":6},"end":{"line":1131,"column":27}},"393":{"start":{"line":1132,"column":6},"end":{"line":1132,"column":30}},"394":{"start":{"line":1133,"column":6},"end":{"line":1133,"column":27}},"395":{"start":{"line":1134,"column":6},"end":{"line":1134,"column":29}},"396":{"start":{"line":1135,"column":6},"end":{"line":1135,"column":28}},"397":{"start":{"line":1136,"column":6},"end":{"line":1136,"column":35}},"398":{"start":{"line":1137,"column":6},"end":{"line":1137,"column":27}},"399":{"start":{"line":1139,"column":4},"end":{"line":1141,"column":5}},"400":{"start":{"line":1140,"column":6},"end":{"line":1140,"column":56}},"401":{"start":{"line":1173,"column":4},"end":{"line":1310,"column":7}},"402":{"start":{"line":1174,"column":26},"end":{"line":1174,"column":28}},"403":{"start":{"line":1175,"column":6},"end":{"line":1190,"column":7}},"404":{"start":{"line":1176,"column":8},"end":{"line":1189,"column":12}},"405":{"start":{"line":1178,"column":14},"end":{"line":1188,"column":21}},"406":{"start":{"line":1180,"column":20},"end":{"line":1180,"column":49}},"407":{"start":{"line":1181,"column":20},"end":{"line":1181,"column":34}},"408":{"start":{"line":1184,"column":20},"end":{"line":1184,"column":51}},"409":{"start":{"line":1185,"column":20},"end":{"line":1185,"column":54}},"410":{"start":{"line":1186,"column":20},"end":{"line":1186,"column":75}},"411":{"start":{"line":1187,"column":20},"end":{"line":1187,"column":34}},"412":{"start":{"line":1191,"column":6},"end":{"line":1206,"column":7}},"413":{"start":{"line":1192,"column":8},"end":{"line":1205,"column":12}},"414":{"start":{"line":1194,"column":14},"end":{"line":1204,"column":21}},"415":{"start":{"line":1196,"column":20},"end":{"line":1196,"column":45}},"416":{"start":{"line":1197,"column":20},"end":{"line":1197,"column":34}},"417":{"start":{"line":1200,"column":20},"end":{"line":1200,"column":51}},"418":{"start":{"line":1201,"column":20},"end":{"line":1201,"column":50}},"419":{"start":{"line":1202,"column":20},"end":{"line":1202,"column":75}},"420":{"start":{"line":1203,"column":20},"end":{"line":1203,"column":34}},"421":{"start":{"line":1207,"column":6},"end":{"line":1222,"column":7}},"422":{"start":{"line":1208,"column":8},"end":{"line":1221,"column":12}},"423":{"start":{"line":1210,"column":14},"end":{"line":1220,"column":21}},"424":{"start":{"line":1212,"column":20},"end":{"line":1212,"column":48}},"425":{"start":{"line":1213,"column":20},"end":{"line":1213,"column":34}},"426":{"start":{"line":1216,"column":20},"end":{"line":1216,"column":51}},"427":{"start":{"line":1217,"column":20},"end":{"line":1217,"column":53}},"428":{"start":{"line":1218,"column":20},"end":{"line":1218,"column":75}},"429":{"start":{"line":1219,"column":20},"end":{"line":1219,"column":34}},"430":{"start":{"line":1223,"column":6},"end":{"line":1238,"column":7}},"431":{"start":{"line":1224,"column":8},"end":{"line":1237,"column":12}},"432":{"start":{"line":1226,"column":14},"end":{"line":1236,"column":21}},"433":{"start":{"line":1228,"column":20},"end":{"line":1228,"column":45}},"434":{"start":{"line":1229,"column":20},"end":{"line":1229,"column":34}},"435":{"start":{"line":1232,"column":20},"end":{"line":1232,"column":51}},"436":{"start":{"line":1233,"column":20},"end":{"line":1233,"column":50}},"437":{"start":{"line":1234,"column":20},"end":{"line":1234,"column":75}},"438":{"start":{"line":1235,"column":20},"end":{"line":1235,"column":34}},"439":{"start":{"line":1239,"column":6},"end":{"line":1254,"column":7}},"440":{"start":{"line":1240,"column":8},"end":{"line":1253,"column":12}},"441":{"start":{"line":1242,"column":14},"end":{"line":1252,"column":21}},"442":{"start":{"line":1244,"column":20},"end":{"line":1244,"column":47}},"443":{"start":{"line":1245,"column":20},"end":{"line":1245,"column":34}},"444":{"start":{"line":1248,"column":20},"end":{"line":1248,"column":51}},"445":{"start":{"line":1249,"column":20},"end":{"line":1249,"column":52}},"446":{"start":{"line":1250,"column":20},"end":{"line":1250,"column":75}},"447":{"start":{"line":1251,"column":20},"end":{"line":1251,"column":34}},"448":{"start":{"line":1255,"column":6},"end":{"line":1270,"column":7}},"449":{"start":{"line":1256,"column":8},"end":{"line":1269,"column":12}},"450":{"start":{"line":1258,"column":14},"end":{"line":1268,"column":21}},"451":{"start":{"line":1260,"column":20},"end":{"line":1260,"column":46}},"452":{"start":{"line":1261,"column":20},"end":{"line":1261,"column":34}},"453":{"start":{"line":1264,"column":20},"end":{"line":1264,"column":51}},"454":{"start":{"line":1265,"column":20},"end":{"line":1265,"column":51}},"455":{"start":{"line":1266,"column":20},"end":{"line":1266,"column":75}},"456":{"start":{"line":1267,"column":20},"end":{"line":1267,"column":34}},"457":{"start":{"line":1271,"column":6},"end":{"line":1286,"column":7}},"458":{"start":{"line":1272,"column":8},"end":{"line":1285,"column":12}},"459":{"start":{"line":1274,"column":14},"end":{"line":1284,"column":21}},"460":{"start":{"line":1276,"column":20},"end":{"line":1276,"column":53}},"461":{"start":{"line":1277,"column":20},"end":{"line":1277,"column":34}},"462":{"start":{"line":1280,"column":20},"end":{"line":1280,"column":51}},"463":{"start":{"line":1281,"column":20},"end":{"line":1281,"column":58}},"464":{"start":{"line":1282,"column":20},"end":{"line":1282,"column":75}},"465":{"start":{"line":1283,"column":20},"end":{"line":1283,"column":34}},"466":{"start":{"line":1287,"column":6},"end":{"line":1302,"column":7}},"467":{"start":{"line":1288,"column":8},"end":{"line":1301,"column":12}},"468":{"start":{"line":1290,"column":14},"end":{"line":1300,"column":21}},"469":{"start":{"line":1292,"column":20},"end":{"line":1292,"column":45}},"470":{"start":{"line":1293,"column":20},"end":{"line":1293,"column":34}},"471":{"start":{"line":1296,"column":20},"end":{"line":1296,"column":51}},"472":{"start":{"line":1297,"column":20},"end":{"line":1297,"column":50}},"473":{"start":{"line":1298,"column":20},"end":{"line":1298,"column":75}},"474":{"start":{"line":1299,"column":20},"end":{"line":1299,"column":34}},"475":{"start":{"line":1303,"column":6},"end":{"line":1309,"column":13}},"476":{"start":{"line":1305,"column":12},"end":{"line":1305,"column":26}},"477":{"start":{"line":1308,"column":12},"end":{"line":1308,"column":26}},"478":{"start":{"line":1333,"column":4},"end":{"line":1451,"column":7}},"479":{"start":{"line":1334,"column":6},"end":{"line":1334,"column":30}},"480":{"start":{"line":1335,"column":21},"end":{"line":1336,"column":30}},"481":{"start":{"line":1337,"column":6},"end":{"line":1342,"column":7}},"482":{"start":{"line":1338,"column":21},"end":{"line":1338,"column":68}},"483":{"start":{"line":1339,"column":8},"end":{"line":1339,"column":66}},"484":{"start":{"line":1340,"column":8},"end":{"line":1340,"column":34}},"485":{"start":{"line":1341,"column":8},"end":{"line":1341,"column":15}},"486":{"start":{"line":1343,"column":21},"end":{"line":1343,"column":43}},"487":{"start":{"line":1344,"column":16},"end":{"line":1344,"column":34}},"488":{"start":{"line":1345,"column":15},"end":{"line":1345,"column":32}},"489":{"start":{"line":1346,"column":30},"end":{"line":1346,"column":61}},"490":{"start":{"line":1347,"column":19},"end":{"line":1347,"column":21}},"491":{"start":{"line":1348,"column":22},"end":{"line":1348,"column":26}},"492":{"start":{"line":1349,"column":27},"end":{"line":1349,"column":43}},"493":{"start":{"line":1350,"column":25},"end":{"line":1350,"column":33}},"494":{"start":{"line":1351,"column":25},"end":{"line":1351,"column":36}},"495":{"start":{"line":1353,"column":18},"end":{"line":1353,"column":43}},"496":{"start":{"line":1355,"column":6},"end":{"line":1355,"column":42}},"497":{"start":{"line":1357,"column":6},"end":{"line":1370,"column":7}},"498":{"start":{"line":1358,"column":8},"end":{"line":1358,"column":50}},"499":{"start":{"line":1359,"column":24},"end":{"line":1359,"column":27}},"500":{"start":{"line":1360,"column":8},"end":{"line":1362,"column":9}},"501":{"start":{"line":1361,"column":10},"end":{"line":1361,"column":31}},"502":{"start":{"line":1363,"column":8},"end":{"line":1368,"column":9}},"503":{"start":{"line":1364,"column":10},"end":{"line":1364,"column":40}},"504":{"start":{"line":1365,"column":10},"end":{"line":1365,"column":27}},"505":{"start":{"line":1367,"column":10},"end":{"line":1367,"column":29}},"506":{"start":{"line":1369,"column":8},"end":{"line":1369,"column":56}},"507":{"start":{"line":1372,"column":22},"end":{"line":1372,"column":25}},"508":{"start":{"line":1373,"column":6},"end":{"line":1413,"column":7}},"509":{"start":{"line":1374,"column":26},"end":{"line":1374,"column":40}},"510":{"start":{"line":1375,"column":8},"end":{"line":1410,"column":9}},"511":{"start":{"line":1376,"column":10},"end":{"line":1376,"column":38}},"512":{"start":{"line":1377,"column":10},"end":{"line":1389,"column":11}},"513":{"start":{"line":1378,"column":12},"end":{"line":1382,"column":13}},"514":{"start":{"line":1379,"column":14},"end":{"line":1379,"column":79}},"515":{"start":{"line":1381,"column":14},"end":{"line":1381,"column":78}},"516":{"start":{"line":1384,"column":12},"end":{"line":1388,"column":13}},"517":{"start":{"line":1385,"column":14},"end":{"line":1385,"column":72}},"518":{"start":{"line":1387,"column":14},"end":{"line":1387,"column":71}},"519":{"start":{"line":1391,"column":10},"end":{"line":1409,"column":11}},"520":{"start":{"line":1392,"column":12},"end":{"line":1392,"column":40}},"521":{"start":{"line":1393,"column":12},"end":{"line":1399,"column":13}},"522":{"start":{"line":1394,"column":14},"end":{"line":1394,"column":43}},"523":{"start":{"line":1395,"column":14},"end":{"line":1395,"column":47}},"524":{"start":{"line":1396,"column":14},"end":{"line":1396,"column":73}},"525":{"start":{"line":1398,"column":14},"end":{"line":1398,"column":66}},"526":{"start":{"line":1401,"column":12},"end":{"line":1401,"column":40}},"527":{"start":{"line":1402,"column":12},"end":{"line":1408,"column":13}},"528":{"start":{"line":1403,"column":14},"end":{"line":1403,"column":43}},"529":{"start":{"line":1404,"column":14},"end":{"line":1404,"column":47}},"530":{"start":{"line":1405,"column":14},"end":{"line":1405,"column":72}},"531":{"start":{"line":1407,"column":14},"end":{"line":1407,"column":65}},"532":{"start":{"line":1411,"column":8},"end":{"line":1411,"column":27}},"533":{"start":{"line":1412,"column":8},"end":{"line":1412,"column":44}},"534":{"start":{"line":1415,"column":27},"end":{"line":1415,"column":30}},"535":{"start":{"line":1416,"column":29},"end":{"line":1416,"column":53}},"536":{"start":{"line":1417,"column":6},"end":{"line":1434,"column":7}},"537":{"start":{"line":1418,"column":29},"end":{"line":1418,"column":31}},"538":{"start":{"line":1419,"column":25},"end":{"line":1419,"column":27}},"539":{"start":{"line":1420,"column":35},"end":{"line":1420,"column":53}},"540":{"start":{"line":1422,"column":8},"end":{"line":1432,"column":9}},"541":{"start":{"line":1426,"column":12},"end":{"line":1427,"column":41}},"542":{"start":{"line":1428,"column":10},"end":{"line":1431,"column":11}},"543":{"start":{"line":1429,"column":12},"end":{"line":1429,"column":45}},"544":{"start":{"line":1430,"column":12},"end":{"line":1430,"column":61}},"545":{"start":{"line":1433,"column":8},"end":{"line":1433,"column":45}},"546":{"start":{"line":1436,"column":6},"end":{"line":1436,"column":31}},"547":{"start":{"line":1437,"column":6},"end":{"line":1437,"column":20}},"548":{"start":{"line":1438,"column":6},"end":{"line":1438,"column":32}},"549":{"start":{"line":1439,"column":6},"end":{"line":1439,"column":36}},"550":{"start":{"line":1440,"column":6},"end":{"line":1440,"column":43}},"551":{"start":{"line":1441,"column":6},"end":{"line":1441,"column":26}},"552":{"start":{"line":1442,"column":6},"end":{"line":1442,"column":25}},"553":{"start":{"line":1443,"column":6},"end":{"line":1443,"column":37}},"554":{"start":{"line":1444,"column":6},"end":{"line":1448,"column":7}},"555":{"start":{"line":1445,"column":8},"end":{"line":1445,"column":31}},"556":{"start":{"line":1447,"column":8},"end":{"line":1447,"column":28}},"557":{"start":{"line":1449,"column":6},"end":{"line":1449,"column":24}},"558":{"start":{"line":1450,"column":6},"end":{"line":1450,"column":22}},"559":{"start":{"line":1464,"column":4},"end":{"line":1481,"column":7}},"560":{"start":{"line":1465,"column":6},"end":{"line":1467,"column":7}},"561":{"start":{"line":1466,"column":8},"end":{"line":1466,"column":35}},"562":{"start":{"line":1468,"column":6},"end":{"line":1480,"column":11}},"563":{"start":{"line":1470,"column":10},"end":{"line":1476,"column":15}},"564":{"start":{"line":1472,"column":14},"end":{"line":1472,"column":34}},"565":{"start":{"line":1475,"column":14},"end":{"line":1475,"column":28}},"566":{"start":{"line":1479,"column":10},"end":{"line":1479,"column":24}},"567":{"start":{"line":1491,"column":4},"end":{"line":1494,"column":7}},"568":{"start":{"line":1504,"column":4},"end":{"line":1504,"column":31}},"569":{"start":{"line":1514,"column":4},"end":{"line":1517,"column":7}},"570":{"start":{"line":1527,"column":4},"end":{"line":1530,"column":7}},"571":{"start":{"line":1540,"column":4},"end":{"line":1540,"column":30}},"572":{"start":{"line":1550,"column":4},"end":{"line":1553,"column":7}},"573":{"start":{"line":1563,"column":4},"end":{"line":1563,"column":27}},"574":{"start":{"line":1573,"column":4},"end":{"line":1576,"column":7}},"575":{"start":{"line":1586,"column":4},"end":{"line":1586,"column":29}},"576":{"start":{"line":1596,"column":4},"end":{"line":1599,"column":7}},"577":{"start":{"line":1609,"column":4},"end":{"line":1609,"column":28}},"578":{"start":{"line":1619,"column":4},"end":{"line":1622,"column":7}},"579":{"start":{"line":1632,"column":4},"end":{"line":1632,"column":35}},"580":{"start":{"line":1642,"column":4},"end":{"line":1642,"column":35}},"581":{"start":{"line":1652,"column":4},"end":{"line":1655,"column":7}},"582":{"start":{"line":1690,"column":4},"end":{"line":1690,"column":30}},"583":{"start":{"line":1691,"column":4},"end":{"line":1691,"column":28}},"584":{"start":{"line":1693,"column":4},"end":{"line":1693,"column":46}},"585":{"start":{"line":1695,"column":4},"end":{"line":1695,"column":48}},"586":{"start":{"line":1697,"column":4},"end":{"line":1697,"column":48}},"587":{"start":{"line":1699,"column":4},"end":{"line":1699,"column":48}},"588":{"start":{"line":1701,"column":4},"end":{"line":1702,"column":38}},"589":{"start":{"line":1704,"column":4},"end":{"line":1751,"column":6}},"590":{"start":{"line":1752,"column":4},"end":{"line":1759,"column":5}},"591":{"start":{"line":1753,"column":6},"end":{"line":1758,"column":7}},"592":{"start":{"line":1755,"column":8},"end":{"line":1755,"column":37}},"593":{"start":{"line":1757,"column":8},"end":{"line":1757,"column":49}},"594":{"start":{"line":1767,"column":4},"end":{"line":1785,"column":7}},"595":{"start":{"line":1768,"column":19},"end":{"line":1768,"column":29}},"596":{"start":{"line":1769,"column":6},"end":{"line":1769,"column":34}},"597":{"start":{"line":1770,"column":6},"end":{"line":1770,"column":35}},"598":{"start":{"line":1771,"column":6},"end":{"line":1771,"column":35}},"599":{"start":{"line":1772,"column":6},"end":{"line":1772,"column":35}},"600":{"start":{"line":1773,"column":6},"end":{"line":1773,"column":20}},"601":{"start":{"line":1776,"column":18},"end":{"line":1776,"column":24}},"602":{"start":{"line":1777,"column":26},"end":{"line":1777,"column":57}},"603":{"start":{"line":1778,"column":29},"end":{"line":1778,"column":47}},"604":{"start":{"line":1779,"column":6},"end":{"line":1783,"column":7}},"605":{"start":{"line":1780,"column":8},"end":{"line":1782,"column":9}},"606":{"start":{"line":1781,"column":10},"end":{"line":1781,"column":80}},"607":{"start":{"line":1784,"column":6},"end":{"line":1784,"column":22}},"608":{"start":{"line":1795,"column":4},"end":{"line":1809,"column":7}},"609":{"start":{"line":1796,"column":6},"end":{"line":1808,"column":11}},"610":{"start":{"line":1798,"column":10},"end":{"line":1800,"column":11}},"611":{"start":{"line":1799,"column":12},"end":{"line":1799,"column":46}},"612":{"start":{"line":1801,"column":10},"end":{"line":1807,"column":15}},"613":{"start":{"line":1803,"column":14},"end":{"line":1803,"column":34}},"614":{"start":{"line":1806,"column":14},"end":{"line":1806,"column":28}},"615":{"start":{"line":1846,"column":4},"end":{"line":1846,"column":30}},"616":{"start":{"line":1847,"column":4},"end":{"line":1847,"column":28}},"617":{"start":{"line":1849,"column":4},"end":{"line":1849,"column":58}},"618":{"start":{"line":1851,"column":4},"end":{"line":1851,"column":60}},"619":{"start":{"line":1853,"column":4},"end":{"line":1853,"column":60}},"620":{"start":{"line":1855,"column":4},"end":{"line":1855,"column":70}},"621":{"start":{"line":1857,"column":4},"end":{"line":1857,"column":42}},"622":{"start":{"line":1859,"column":4},"end":{"line":1859,"column":50}},"623":{"start":{"line":1861,"column":4},"end":{"line":2019,"column":6}},"624":{"start":{"line":2020,"column":4},"end":{"line":2027,"column":5}},"625":{"start":{"line":2021,"column":6},"end":{"line":2026,"column":7}},"626":{"start":{"line":2023,"column":8},"end":{"line":2023,"column":37}},"627":{"start":{"line":2025,"column":8},"end":{"line":2025,"column":49}},"628":{"start":{"line":2036,"column":4},"end":{"line":2256,"column":7}},"629":{"start":{"line":2037,"column":25},"end":{"line":2195,"column":7}},"630":{"start":{"line":2196,"column":6},"end":{"line":2201,"column":7}},"631":{"start":{"line":2200,"column":8},"end":{"line":2200,"column":74}},"632":{"start":{"line":2202,"column":6},"end":{"line":2224,"column":7}},"633":{"start":{"line":2223,"column":8},"end":{"line":2223,"column":72}},"634":{"start":{"line":2225,"column":22},"end":{"line":2225,"column":53}},"635":{"start":{"line":2226,"column":25},"end":{"line":2226,"column":39}},"636":{"start":{"line":2227,"column":6},"end":{"line":2254,"column":7}},"637":{"start":{"line":2228,"column":8},"end":{"line":2253,"column":9}},"638":{"start":{"line":2229,"column":10},"end":{"line":2252,"column":11}},"639":{"start":{"line":2230,"column":12},"end":{"line":2251,"column":13}},"640":{"start":{"line":2233,"column":14},"end":{"line":2243,"column":15}},"641":{"start":{"line":2236,"column":29},"end":{"line":2236,"column":44}},"642":{"start":{"line":2237,"column":16},"end":{"line":2237,"column":47}},"643":{"start":{"line":2238,"column":16},"end":{"line":2238,"column":48}},"644":{"start":{"line":2239,"column":16},"end":{"line":2239,"column":54}},"645":{"start":{"line":2240,"column":16},"end":{"line":2240,"column":43}},"646":{"start":{"line":2241,"column":16},"end":{"line":2241,"column":64}},"647":{"start":{"line":2242,"column":16},"end":{"line":2242,"column":42}},"648":{"start":{"line":2245,"column":27},"end":{"line":2245,"column":40}},"649":{"start":{"line":2246,"column":14},"end":{"line":2246,"column":35}},"650":{"start":{"line":2247,"column":14},"end":{"line":2247,"column":46}},"651":{"start":{"line":2248,"column":14},"end":{"line":2248,"column":57}},"652":{"start":{"line":2249,"column":14},"end":{"line":2249,"column":77}},"653":{"start":{"line":2250,"column":14},"end":{"line":2250,"column":40}},"654":{"start":{"line":2255,"column":6},"end":{"line":2255,"column":20}},"655":{"start":{"line":2264,"column":4},"end":{"line":2282,"column":7}},"656":{"start":{"line":2265,"column":19},"end":{"line":2265,"column":26}},"657":{"start":{"line":2266,"column":6},"end":{"line":2266,"column":40}},"658":{"start":{"line":2267,"column":6},"end":{"line":2267,"column":41}},"659":{"start":{"line":2268,"column":6},"end":{"line":2268,"column":41}},"660":{"start":{"line":2269,"column":6},"end":{"line":2269,"column":46}},"661":{"start":{"line":2270,"column":6},"end":{"line":2270,"column":32}},"662":{"start":{"line":2271,"column":6},"end":{"line":2271,"column":36}},"663":{"start":{"line":2272,"column":6},"end":{"line":2272,"column":20}},"664":{"start":{"line":2274,"column":22},"end":{"line":2274,"column":53}},"665":{"start":{"line":2275,"column":25},"end":{"line":2275,"column":39}},"666":{"start":{"line":2276,"column":6},"end":{"line":2280,"column":7}},"667":{"start":{"line":2277,"column":8},"end":{"line":2279,"column":9}},"668":{"start":{"line":2278,"column":10},"end":{"line":2278,"column":66}},"669":{"start":{"line":2281,"column":6},"end":{"line":2281,"column":22}},"670":{"start":{"line":2291,"column":4},"end":{"line":2305,"column":7}},"671":{"start":{"line":2292,"column":6},"end":{"line":2304,"column":11}},"672":{"start":{"line":2294,"column":10},"end":{"line":2296,"column":11}},"673":{"start":{"line":2295,"column":12},"end":{"line":2295,"column":46}},"674":{"start":{"line":2297,"column":10},"end":{"line":2303,"column":15}},"675":{"start":{"line":2299,"column":14},"end":{"line":2299,"column":34}},"676":{"start":{"line":2302,"column":14},"end":{"line":2302,"column":28}},"677":{"start":{"line":2309,"column":0},"end":{"line":2316,"column":2}}},"fnMap":{"0":{"name":"rgbToAnsi","decl":{"start":{"line":29,"column":9},"end":{"line":29,"column":18}},"loc":{"start":{"line":29,"column":40},"end":{"line":87,"column":1}},"line":29},"1":{"name":"(anonymous_1)","decl":{"start":{"line":30,"column":21},"end":{"line":30,"column":22}},"loc":{"start":{"line":30,"column":42},"end":{"line":86,"column":3}},"line":30},"2":{"name":"(anonymous_2)","decl":{"start":{"line":140,"column":2},"end":{"line":140,"column":3}},"loc":{"start":{"line":140,"column":24},"end":{"line":222,"column":3}},"line":140},"3":{"name":"(anonymous_3)","decl":{"start":{"line":235,"column":2},"end":{"line":235,"column":3}},"loc":{"start":{"line":235,"column":28},"end":{"line":249,"column":3}},"line":235},"4":{"name":"(anonymous_4)","decl":{"start":{"line":236,"column":23},"end":{"line":236,"column":24}},"loc":{"start":{"line":236,"column":44},"end":{"line":248,"column":5}},"line":236},"5":{"name":"(anonymous_5)","decl":{"start":{"line":257,"column":2},"end":{"line":257,"column":3}},"loc":{"start":{"line":257,"column":19},"end":{"line":278,"column":3}},"line":257},"6":{"name":"(anonymous_6)","decl":{"start":{"line":258,"column":23},"end":{"line":258,"column":24}},"loc":{"start":{"line":258,"column":44},"end":{"line":277,"column":5}},"line":258},"7":{"name":"(anonymous_7)","decl":{"start":{"line":264,"column":16},"end":{"line":264,"column":17}},"loc":{"start":{"line":264,"column":28},"end":{"line":273,"column":11}},"line":264},"8":{"name":"(anonymous_8)","decl":{"start":{"line":269,"column":59},"end":{"line":269,"column":60}},"loc":{"start":{"line":269,"column":70},"end":{"line":272,"column":13}},"line":269},"9":{"name":"(anonymous_9)","decl":{"start":{"line":274,"column":17},"end":{"line":274,"column":18}},"loc":{"start":{"line":274,"column":28},"end":{"line":276,"column":11}},"line":274},"10":{"name":"(anonymous_10)","decl":{"start":{"line":287,"column":2},"end":{"line":287,"column":3}},"loc":{"start":{"line":287,"column":19},"end":{"line":324,"column":3}},"line":287},"11":{"name":"(anonymous_11)","decl":{"start":{"line":288,"column":23},"end":{"line":288,"column":24}},"loc":{"start":{"line":288,"column":44},"end":{"line":323,"column":5}},"line":288},"12":{"name":"(anonymous_12)","decl":{"start":{"line":294,"column":16},"end":{"line":294,"column":17}},"loc":{"start":{"line":294,"column":28},"end":{"line":319,"column":11}},"line":294},"13":{"name":"(anonymous_13)","decl":{"start":{"line":300,"column":60},"end":{"line":300,"column":61}},"loc":{"start":{"line":300,"column":66},"end":{"line":306,"column":13}},"line":300},"14":{"name":"(anonymous_14)","decl":{"start":{"line":303,"column":38},"end":{"line":303,"column":39}},"loc":{"start":{"line":303,"column":44},"end":{"line":305,"column":15}},"line":303},"15":{"name":"(anonymous_15)","decl":{"start":{"line":308,"column":29},"end":{"line":308,"column":30}},"loc":{"start":{"line":308,"column":35},"end":{"line":310,"column":13}},"line":308},"16":{"name":"(anonymous_16)","decl":{"start":{"line":311,"column":33},"end":{"line":311,"column":34}},"loc":{"start":{"line":311,"column":39},"end":{"line":314,"column":13}},"line":311},"17":{"name":"(anonymous_17)","decl":{"start":{"line":315,"column":31},"end":{"line":315,"column":32}},"loc":{"start":{"line":315,"column":42},"end":{"line":318,"column":13}},"line":315},"18":{"name":"(anonymous_18)","decl":{"start":{"line":320,"column":17},"end":{"line":320,"column":18}},"loc":{"start":{"line":320,"column":28},"end":{"line":322,"column":11}},"line":320},"19":{"name":"(anonymous_19)","decl":{"start":{"line":333,"column":2},"end":{"line":333,"column":3}},"loc":{"start":{"line":333,"column":19},"end":{"line":395,"column":3}},"line":333},"20":{"name":"(anonymous_20)","decl":{"start":{"line":334,"column":23},"end":{"line":334,"column":24}},"loc":{"start":{"line":334,"column":44},"end":{"line":394,"column":5}},"line":334},"21":{"name":"(anonymous_21)","decl":{"start":{"line":374,"column":45},"end":{"line":374,"column":46}},"loc":{"start":{"line":374,"column":51},"end":{"line":380,"column":7}},"line":374},"22":{"name":"(anonymous_22)","decl":{"start":{"line":377,"column":32},"end":{"line":377,"column":33}},"loc":{"start":{"line":377,"column":38},"end":{"line":379,"column":9}},"line":377},"23":{"name":"(anonymous_23)","decl":{"start":{"line":383,"column":23},"end":{"line":383,"column":24}},"loc":{"start":{"line":383,"column":29},"end":{"line":385,"column":7}},"line":383},"24":{"name":"(anonymous_24)","decl":{"start":{"line":386,"column":27},"end":{"line":386,"column":28}},"loc":{"start":{"line":386,"column":33},"end":{"line":389,"column":7}},"line":386},"25":{"name":"(anonymous_25)","decl":{"start":{"line":390,"column":25},"end":{"line":390,"column":26}},"loc":{"start":{"line":390,"column":36},"end":{"line":393,"column":7}},"line":390},"26":{"name":"(anonymous_26)","decl":{"start":{"line":405,"column":2},"end":{"line":405,"column":3}},"loc":{"start":{"line":405,"column":13},"end":{"line":442,"column":3}},"line":405},"27":{"name":"(anonymous_27)","decl":{"start":{"line":406,"column":23},"end":{"line":406,"column":24}},"loc":{"start":{"line":406,"column":44},"end":{"line":441,"column":5}},"line":406},"28":{"name":"(anonymous_28)","decl":{"start":{"line":414,"column":18},"end":{"line":414,"column":19}},"loc":{"start":{"line":414,"column":30},"end":{"line":416,"column":13}},"line":414},"29":{"name":"(anonymous_29)","decl":{"start":{"line":417,"column":19},"end":{"line":417,"column":20}},"loc":{"start":{"line":417,"column":30},"end":{"line":419,"column":13}},"line":417},"30":{"name":"(anonymous_30)","decl":{"start":{"line":422,"column":18},"end":{"line":422,"column":19}},"loc":{"start":{"line":422,"column":30},"end":{"line":424,"column":13}},"line":422},"31":{"name":"(anonymous_31)","decl":{"start":{"line":425,"column":19},"end":{"line":425,"column":20}},"loc":{"start":{"line":425,"column":30},"end":{"line":427,"column":13}},"line":425},"32":{"name":"(anonymous_32)","decl":{"start":{"line":430,"column":18},"end":{"line":430,"column":19}},"loc":{"start":{"line":430,"column":30},"end":{"line":432,"column":13}},"line":430},"33":{"name":"(anonymous_33)","decl":{"start":{"line":433,"column":19},"end":{"line":433,"column":20}},"loc":{"start":{"line":433,"column":30},"end":{"line":435,"column":13}},"line":433},"34":{"name":"(anonymous_34)","decl":{"start":{"line":495,"column":2},"end":{"line":495,"column":3}},"loc":{"start":{"line":495,"column":24},"end":{"line":552,"column":3}},"line":495},"35":{"name":"(anonymous_35)","decl":{"start":{"line":582,"column":2},"end":{"line":582,"column":3}},"loc":{"start":{"line":582,"column":35},"end":{"line":721,"column":3}},"line":582},"36":{"name":"(anonymous_36)","decl":{"start":{"line":583,"column":23},"end":{"line":583,"column":24}},"loc":{"start":{"line":583,"column":44},"end":{"line":720,"column":5}},"line":583},"37":{"name":"(anonymous_37)","decl":{"start":{"line":587,"column":24},"end":{"line":587,"column":25}},"loc":{"start":{"line":587,"column":44},"end":{"line":599,"column":9}},"line":587},"38":{"name":"(anonymous_38)","decl":{"start":{"line":589,"column":24},"end":{"line":589,"column":25}},"loc":{"start":{"line":589,"column":36},"end":{"line":592,"column":19}},"line":589},"39":{"name":"(anonymous_39)","decl":{"start":{"line":593,"column":25},"end":{"line":593,"column":26}},"loc":{"start":{"line":593,"column":36},"end":{"line":598,"column":19}},"line":593},"40":{"name":"(anonymous_40)","decl":{"start":{"line":603,"column":24},"end":{"line":603,"column":25}},"loc":{"start":{"line":603,"column":44},"end":{"line":615,"column":9}},"line":603},"41":{"name":"(anonymous_41)","decl":{"start":{"line":605,"column":24},"end":{"line":605,"column":25}},"loc":{"start":{"line":605,"column":36},"end":{"line":608,"column":19}},"line":605},"42":{"name":"(anonymous_42)","decl":{"start":{"line":609,"column":25},"end":{"line":609,"column":26}},"loc":{"start":{"line":609,"column":36},"end":{"line":614,"column":19}},"line":609},"43":{"name":"(anonymous_43)","decl":{"start":{"line":619,"column":24},"end":{"line":619,"column":25}},"loc":{"start":{"line":619,"column":44},"end":{"line":631,"column":9}},"line":619},"44":{"name":"(anonymous_44)","decl":{"start":{"line":621,"column":24},"end":{"line":621,"column":25}},"loc":{"start":{"line":621,"column":36},"end":{"line":624,"column":19}},"line":621},"45":{"name":"(anonymous_45)","decl":{"start":{"line":625,"column":25},"end":{"line":625,"column":26}},"loc":{"start":{"line":625,"column":36},"end":{"line":630,"column":19}},"line":625},"46":{"name":"(anonymous_46)","decl":{"start":{"line":635,"column":24},"end":{"line":635,"column":25}},"loc":{"start":{"line":635,"column":44},"end":{"line":647,"column":9}},"line":635},"47":{"name":"(anonymous_47)","decl":{"start":{"line":637,"column":24},"end":{"line":637,"column":25}},"loc":{"start":{"line":637,"column":36},"end":{"line":640,"column":19}},"line":637},"48":{"name":"(anonymous_48)","decl":{"start":{"line":641,"column":25},"end":{"line":641,"column":26}},"loc":{"start":{"line":641,"column":36},"end":{"line":646,"column":19}},"line":641},"49":{"name":"(anonymous_49)","decl":{"start":{"line":651,"column":24},"end":{"line":651,"column":25}},"loc":{"start":{"line":651,"column":44},"end":{"line":663,"column":9}},"line":651},"50":{"name":"(anonymous_50)","decl":{"start":{"line":653,"column":24},"end":{"line":653,"column":25}},"loc":{"start":{"line":653,"column":36},"end":{"line":656,"column":19}},"line":653},"51":{"name":"(anonymous_51)","decl":{"start":{"line":657,"column":25},"end":{"line":657,"column":26}},"loc":{"start":{"line":657,"column":36},"end":{"line":662,"column":19}},"line":657},"52":{"name":"(anonymous_52)","decl":{"start":{"line":667,"column":24},"end":{"line":667,"column":25}},"loc":{"start":{"line":667,"column":44},"end":{"line":679,"column":9}},"line":667},"53":{"name":"(anonymous_53)","decl":{"start":{"line":669,"column":24},"end":{"line":669,"column":25}},"loc":{"start":{"line":669,"column":36},"end":{"line":672,"column":19}},"line":669},"54":{"name":"(anonymous_54)","decl":{"start":{"line":673,"column":25},"end":{"line":673,"column":26}},"loc":{"start":{"line":673,"column":36},"end":{"line":678,"column":19}},"line":673},"55":{"name":"(anonymous_55)","decl":{"start":{"line":683,"column":24},"end":{"line":683,"column":25}},"loc":{"start":{"line":683,"column":44},"end":{"line":695,"column":9}},"line":683},"56":{"name":"(anonymous_56)","decl":{"start":{"line":685,"column":24},"end":{"line":685,"column":25}},"loc":{"start":{"line":685,"column":36},"end":{"line":688,"column":19}},"line":685},"57":{"name":"(anonymous_57)","decl":{"start":{"line":689,"column":25},"end":{"line":689,"column":26}},"loc":{"start":{"line":689,"column":36},"end":{"line":694,"column":19}},"line":689},"58":{"name":"(anonymous_58)","decl":{"start":{"line":699,"column":24},"end":{"line":699,"column":25}},"loc":{"start":{"line":699,"column":44},"end":{"line":711,"column":9}},"line":699},"59":{"name":"(anonymous_59)","decl":{"start":{"line":701,"column":24},"end":{"line":701,"column":25}},"loc":{"start":{"line":701,"column":36},"end":{"line":704,"column":19}},"line":701},"60":{"name":"(anonymous_60)","decl":{"start":{"line":705,"column":25},"end":{"line":705,"column":26}},"loc":{"start":{"line":705,"column":36},"end":{"line":710,"column":19}},"line":705},"61":{"name":"(anonymous_61)","decl":{"start":{"line":714,"column":16},"end":{"line":714,"column":17}},"loc":{"start":{"line":714,"column":29},"end":{"line":716,"column":11}},"line":714},"62":{"name":"(anonymous_62)","decl":{"start":{"line":717,"column":17},"end":{"line":717,"column":18}},"loc":{"start":{"line":717,"column":28},"end":{"line":719,"column":11}},"line":717},"63":{"name":"(anonymous_63)","decl":{"start":{"line":733,"column":2},"end":{"line":733,"column":3}},"loc":{"start":{"line":733,"column":30},"end":{"line":783,"column":3}},"line":733},"64":{"name":"(anonymous_64)","decl":{"start":{"line":734,"column":23},"end":{"line":734,"column":24}},"loc":{"start":{"line":734,"column":44},"end":{"line":782,"column":5}},"line":734},"65":{"name":"(anonymous_65)","decl":{"start":{"line":797,"column":2},"end":{"line":797,"column":3}},"loc":{"start":{"line":797,"column":22},"end":{"line":816,"column":3}},"line":797},"66":{"name":"(anonymous_66)","decl":{"start":{"line":798,"column":23},"end":{"line":798,"column":24}},"loc":{"start":{"line":798,"column":44},"end":{"line":815,"column":5}},"line":798},"67":{"name":"(anonymous_67)","decl":{"start":{"line":803,"column":14},"end":{"line":803,"column":15}},"loc":{"start":{"line":803,"column":26},"end":{"line":811,"column":9}},"line":803},"68":{"name":"(anonymous_68)","decl":{"start":{"line":805,"column":18},"end":{"line":805,"column":19}},"loc":{"start":{"line":805,"column":34},"end":{"line":807,"column":13}},"line":805},"69":{"name":"(anonymous_69)","decl":{"start":{"line":808,"column":19},"end":{"line":808,"column":20}},"loc":{"start":{"line":808,"column":30},"end":{"line":810,"column":13}},"line":808},"70":{"name":"(anonymous_70)","decl":{"start":{"line":812,"column":15},"end":{"line":812,"column":16}},"loc":{"start":{"line":812,"column":26},"end":{"line":814,"column":9}},"line":812},"71":{"name":"(anonymous_71)","decl":{"start":{"line":824,"column":2},"end":{"line":824,"column":3}},"loc":{"start":{"line":824,"column":18},"end":{"line":829,"column":3}},"line":824},"72":{"name":"(anonymous_72)","decl":{"start":{"line":837,"column":2},"end":{"line":837,"column":3}},"loc":{"start":{"line":837,"column":13},"end":{"line":839,"column":3}},"line":837},"73":{"name":"(anonymous_73)","decl":{"start":{"line":847,"column":2},"end":{"line":847,"column":3}},"loc":{"start":{"line":847,"column":14},"end":{"line":852,"column":3}},"line":847},"74":{"name":"(anonymous_74)","decl":{"start":{"line":860,"column":2},"end":{"line":860,"column":3}},"loc":{"start":{"line":860,"column":17},"end":{"line":865,"column":3}},"line":860},"75":{"name":"(anonymous_75)","decl":{"start":{"line":873,"column":2},"end":{"line":873,"column":3}},"loc":{"start":{"line":873,"column":13},"end":{"line":875,"column":3}},"line":873},"76":{"name":"(anonymous_76)","decl":{"start":{"line":883,"column":2},"end":{"line":883,"column":3}},"loc":{"start":{"line":883,"column":14},"end":{"line":888,"column":3}},"line":883},"77":{"name":"(anonymous_77)","decl":{"start":{"line":896,"column":2},"end":{"line":896,"column":3}},"loc":{"start":{"line":896,"column":12},"end":{"line":898,"column":3}},"line":896},"78":{"name":"(anonymous_78)","decl":{"start":{"line":906,"column":2},"end":{"line":906,"column":3}},"loc":{"start":{"line":906,"column":16},"end":{"line":911,"column":3}},"line":906},"79":{"name":"(anonymous_79)","decl":{"start":{"line":919,"column":2},"end":{"line":919,"column":3}},"loc":{"start":{"line":919,"column":13},"end":{"line":921,"column":3}},"line":919},"80":{"name":"(anonymous_80)","decl":{"start":{"line":929,"column":2},"end":{"line":929,"column":3}},"loc":{"start":{"line":929,"column":15},"end":{"line":934,"column":3}},"line":929},"81":{"name":"(anonymous_81)","decl":{"start":{"line":942,"column":2},"end":{"line":942,"column":3}},"loc":{"start":{"line":942,"column":13},"end":{"line":944,"column":3}},"line":942},"82":{"name":"(anonymous_82)","decl":{"start":{"line":952,"column":2},"end":{"line":952,"column":3}},"loc":{"start":{"line":952,"column":22},"end":{"line":957,"column":3}},"line":952},"83":{"name":"(anonymous_83)","decl":{"start":{"line":965,"column":2},"end":{"line":965,"column":3}},"loc":{"start":{"line":965,"column":13},"end":{"line":967,"column":3}},"line":965},"84":{"name":"(anonymous_84)","decl":{"start":{"line":975,"column":2},"end":{"line":975,"column":3}},"loc":{"start":{"line":975,"column":12},"end":{"line":977,"column":3}},"line":975},"85":{"name":"(anonymous_85)","decl":{"start":{"line":985,"column":2},"end":{"line":985,"column":3}},"loc":{"start":{"line":985,"column":14},"end":{"line":990,"column":3}},"line":985},"86":{"name":"(anonymous_86)","decl":{"start":{"line":1050,"column":2},"end":{"line":1050,"column":3}},"loc":{"start":{"line":1050,"column":24},"end":{"line":1142,"column":3}},"line":1050},"87":{"name":"(anonymous_87)","decl":{"start":{"line":1172,"column":2},"end":{"line":1172,"column":3}},"loc":{"start":{"line":1172,"column":35},"end":{"line":1311,"column":3}},"line":1172},"88":{"name":"(anonymous_88)","decl":{"start":{"line":1173,"column":23},"end":{"line":1173,"column":24}},"loc":{"start":{"line":1173,"column":44},"end":{"line":1310,"column":5}},"line":1173},"89":{"name":"(anonymous_89)","decl":{"start":{"line":1177,"column":24},"end":{"line":1177,"column":25}},"loc":{"start":{"line":1177,"column":44},"end":{"line":1189,"column":9}},"line":1177},"90":{"name":"(anonymous_90)","decl":{"start":{"line":1179,"column":24},"end":{"line":1179,"column":25}},"loc":{"start":{"line":1179,"column":36},"end":{"line":1182,"column":19}},"line":1179},"91":{"name":"(anonymous_91)","decl":{"start":{"line":1183,"column":25},"end":{"line":1183,"column":26}},"loc":{"start":{"line":1183,"column":36},"end":{"line":1188,"column":19}},"line":1183},"92":{"name":"(anonymous_92)","decl":{"start":{"line":1193,"column":24},"end":{"line":1193,"column":25}},"loc":{"start":{"line":1193,"column":44},"end":{"line":1205,"column":9}},"line":1193},"93":{"name":"(anonymous_93)","decl":{"start":{"line":1195,"column":24},"end":{"line":1195,"column":25}},"loc":{"start":{"line":1195,"column":36},"end":{"line":1198,"column":19}},"line":1195},"94":{"name":"(anonymous_94)","decl":{"start":{"line":1199,"column":25},"end":{"line":1199,"column":26}},"loc":{"start":{"line":1199,"column":36},"end":{"line":1204,"column":19}},"line":1199},"95":{"name":"(anonymous_95)","decl":{"start":{"line":1209,"column":24},"end":{"line":1209,"column":25}},"loc":{"start":{"line":1209,"column":44},"end":{"line":1221,"column":9}},"line":1209},"96":{"name":"(anonymous_96)","decl":{"start":{"line":1211,"column":24},"end":{"line":1211,"column":25}},"loc":{"start":{"line":1211,"column":36},"end":{"line":1214,"column":19}},"line":1211},"97":{"name":"(anonymous_97)","decl":{"start":{"line":1215,"column":25},"end":{"line":1215,"column":26}},"loc":{"start":{"line":1215,"column":36},"end":{"line":1220,"column":19}},"line":1215},"98":{"name":"(anonymous_98)","decl":{"start":{"line":1225,"column":24},"end":{"line":1225,"column":25}},"loc":{"start":{"line":1225,"column":44},"end":{"line":1237,"column":9}},"line":1225},"99":{"name":"(anonymous_99)","decl":{"start":{"line":1227,"column":24},"end":{"line":1227,"column":25}},"loc":{"start":{"line":1227,"column":36},"end":{"line":1230,"column":19}},"line":1227},"100":{"name":"(anonymous_100)","decl":{"start":{"line":1231,"column":25},"end":{"line":1231,"column":26}},"loc":{"start":{"line":1231,"column":36},"end":{"line":1236,"column":19}},"line":1231},"101":{"name":"(anonymous_101)","decl":{"start":{"line":1241,"column":24},"end":{"line":1241,"column":25}},"loc":{"start":{"line":1241,"column":44},"end":{"line":1253,"column":9}},"line":1241},"102":{"name":"(anonymous_102)","decl":{"start":{"line":1243,"column":24},"end":{"line":1243,"column":25}},"loc":{"start":{"line":1243,"column":36},"end":{"line":1246,"column":19}},"line":1243},"103":{"name":"(anonymous_103)","decl":{"start":{"line":1247,"column":25},"end":{"line":1247,"column":26}},"loc":{"start":{"line":1247,"column":36},"end":{"line":1252,"column":19}},"line":1247},"104":{"name":"(anonymous_104)","decl":{"start":{"line":1257,"column":24},"end":{"line":1257,"column":25}},"loc":{"start":{"line":1257,"column":44},"end":{"line":1269,"column":9}},"line":1257},"105":{"name":"(anonymous_105)","decl":{"start":{"line":1259,"column":24},"end":{"line":1259,"column":25}},"loc":{"start":{"line":1259,"column":36},"end":{"line":1262,"column":19}},"line":1259},"106":{"name":"(anonymous_106)","decl":{"start":{"line":1263,"column":25},"end":{"line":1263,"column":26}},"loc":{"start":{"line":1263,"column":36},"end":{"line":1268,"column":19}},"line":1263},"107":{"name":"(anonymous_107)","decl":{"start":{"line":1273,"column":24},"end":{"line":1273,"column":25}},"loc":{"start":{"line":1273,"column":44},"end":{"line":1285,"column":9}},"line":1273},"108":{"name":"(anonymous_108)","decl":{"start":{"line":1275,"column":24},"end":{"line":1275,"column":25}},"loc":{"start":{"line":1275,"column":36},"end":{"line":1278,"column":19}},"line":1275},"109":{"name":"(anonymous_109)","decl":{"start":{"line":1279,"column":25},"end":{"line":1279,"column":26}},"loc":{"start":{"line":1279,"column":36},"end":{"line":1284,"column":19}},"line":1279},"110":{"name":"(anonymous_110)","decl":{"start":{"line":1289,"column":24},"end":{"line":1289,"column":25}},"loc":{"start":{"line":1289,"column":44},"end":{"line":1301,"column":9}},"line":1289},"111":{"name":"(anonymous_111)","decl":{"start":{"line":1291,"column":24},"end":{"line":1291,"column":25}},"loc":{"start":{"line":1291,"column":36},"end":{"line":1294,"column":19}},"line":1291},"112":{"name":"(anonymous_112)","decl":{"start":{"line":1295,"column":25},"end":{"line":1295,"column":26}},"loc":{"start":{"line":1295,"column":36},"end":{"line":1300,"column":19}},"line":1295},"113":{"name":"(anonymous_113)","decl":{"start":{"line":1304,"column":16},"end":{"line":1304,"column":17}},"loc":{"start":{"line":1304,"column":29},"end":{"line":1306,"column":11}},"line":1304},"114":{"name":"(anonymous_114)","decl":{"start":{"line":1307,"column":17},"end":{"line":1307,"column":18}},"loc":{"start":{"line":1307,"column":28},"end":{"line":1309,"column":11}},"line":1307},"115":{"name":"(anonymous_115)","decl":{"start":{"line":1332,"column":2},"end":{"line":1332,"column":3}},"loc":{"start":{"line":1332,"column":30},"end":{"line":1452,"column":3}},"line":1332},"116":{"name":"(anonymous_116)","decl":{"start":{"line":1333,"column":23},"end":{"line":1333,"column":24}},"loc":{"start":{"line":1333,"column":44},"end":{"line":1451,"column":5}},"line":1333},"117":{"name":"(anonymous_117)","decl":{"start":{"line":1463,"column":2},"end":{"line":1463,"column":3}},"loc":{"start":{"line":1463,"column":22},"end":{"line":1482,"column":3}},"line":1463},"118":{"name":"(anonymous_118)","decl":{"start":{"line":1464,"column":23},"end":{"line":1464,"column":24}},"loc":{"start":{"line":1464,"column":44},"end":{"line":1481,"column":5}},"line":1464},"119":{"name":"(anonymous_119)","decl":{"start":{"line":1469,"column":14},"end":{"line":1469,"column":15}},"loc":{"start":{"line":1469,"column":26},"end":{"line":1477,"column":9}},"line":1469},"120":{"name":"(anonymous_120)","decl":{"start":{"line":1471,"column":18},"end":{"line":1471,"column":19}},"loc":{"start":{"line":1471,"column":34},"end":{"line":1473,"column":13}},"line":1471},"121":{"name":"(anonymous_121)","decl":{"start":{"line":1474,"column":19},"end":{"line":1474,"column":20}},"loc":{"start":{"line":1474,"column":30},"end":{"line":1476,"column":13}},"line":1474},"122":{"name":"(anonymous_122)","decl":{"start":{"line":1478,"column":15},"end":{"line":1478,"column":16}},"loc":{"start":{"line":1478,"column":26},"end":{"line":1480,"column":9}},"line":1478},"123":{"name":"(anonymous_123)","decl":{"start":{"line":1490,"column":2},"end":{"line":1490,"column":3}},"loc":{"start":{"line":1490,"column":18},"end":{"line":1495,"column":3}},"line":1490},"124":{"name":"(anonymous_124)","decl":{"start":{"line":1503,"column":2},"end":{"line":1503,"column":3}},"loc":{"start":{"line":1503,"column":13},"end":{"line":1505,"column":3}},"line":1503},"125":{"name":"(anonymous_125)","decl":{"start":{"line":1513,"column":2},"end":{"line":1513,"column":3}},"loc":{"start":{"line":1513,"column":14},"end":{"line":1518,"column":3}},"line":1513},"126":{"name":"(anonymous_126)","decl":{"start":{"line":1526,"column":2},"end":{"line":1526,"column":3}},"loc":{"start":{"line":1526,"column":17},"end":{"line":1531,"column":3}},"line":1526},"127":{"name":"(anonymous_127)","decl":{"start":{"line":1539,"column":2},"end":{"line":1539,"column":3}},"loc":{"start":{"line":1539,"column":13},"end":{"line":1541,"column":3}},"line":1539},"128":{"name":"(anonymous_128)","decl":{"start":{"line":1549,"column":2},"end":{"line":1549,"column":3}},"loc":{"start":{"line":1549,"column":14},"end":{"line":1554,"column":3}},"line":1549},"129":{"name":"(anonymous_129)","decl":{"start":{"line":1562,"column":2},"end":{"line":1562,"column":3}},"loc":{"start":{"line":1562,"column":12},"end":{"line":1564,"column":3}},"line":1562},"130":{"name":"(anonymous_130)","decl":{"start":{"line":1572,"column":2},"end":{"line":1572,"column":3}},"loc":{"start":{"line":1572,"column":16},"end":{"line":1577,"column":3}},"line":1572},"131":{"name":"(anonymous_131)","decl":{"start":{"line":1585,"column":2},"end":{"line":1585,"column":3}},"loc":{"start":{"line":1585,"column":13},"end":{"line":1587,"column":3}},"line":1585},"132":{"name":"(anonymous_132)","decl":{"start":{"line":1595,"column":2},"end":{"line":1595,"column":3}},"loc":{"start":{"line":1595,"column":15},"end":{"line":1600,"column":3}},"line":1595},"133":{"name":"(anonymous_133)","decl":{"start":{"line":1608,"column":2},"end":{"line":1608,"column":3}},"loc":{"start":{"line":1608,"column":13},"end":{"line":1610,"column":3}},"line":1608},"134":{"name":"(anonymous_134)","decl":{"start":{"line":1618,"column":2},"end":{"line":1618,"column":3}},"loc":{"start":{"line":1618,"column":22},"end":{"line":1623,"column":3}},"line":1618},"135":{"name":"(anonymous_135)","decl":{"start":{"line":1631,"column":2},"end":{"line":1631,"column":3}},"loc":{"start":{"line":1631,"column":13},"end":{"line":1633,"column":3}},"line":1631},"136":{"name":"(anonymous_136)","decl":{"start":{"line":1641,"column":2},"end":{"line":1641,"column":3}},"loc":{"start":{"line":1641,"column":12},"end":{"line":1643,"column":3}},"line":1641},"137":{"name":"(anonymous_137)","decl":{"start":{"line":1651,"column":2},"end":{"line":1651,"column":3}},"loc":{"start":{"line":1651,"column":14},"end":{"line":1656,"column":3}},"line":1651},"138":{"name":"(anonymous_138)","decl":{"start":{"line":1688,"column":2},"end":{"line":1688,"column":3}},"loc":{"start":{"line":1688,"column":24},"end":{"line":1760,"column":3}},"line":1688},"139":{"name":"(anonymous_139)","decl":{"start":{"line":1766,"column":2},"end":{"line":1766,"column":3}},"loc":{"start":{"line":1766,"column":18},"end":{"line":1786,"column":3}},"line":1766},"140":{"name":"(anonymous_140)","decl":{"start":{"line":1767,"column":23},"end":{"line":1767,"column":24}},"loc":{"start":{"line":1767,"column":44},"end":{"line":1785,"column":5}},"line":1767},"141":{"name":"(anonymous_141)","decl":{"start":{"line":1794,"column":2},"end":{"line":1794,"column":3}},"loc":{"start":{"line":1794,"column":17},"end":{"line":1810,"column":3}},"line":1794},"142":{"name":"(anonymous_142)","decl":{"start":{"line":1795,"column":23},"end":{"line":1795,"column":24}},"loc":{"start":{"line":1795,"column":44},"end":{"line":1809,"column":5}},"line":1795},"143":{"name":"(anonymous_143)","decl":{"start":{"line":1797,"column":14},"end":{"line":1797,"column":15}},"loc":{"start":{"line":1797,"column":26},"end":{"line":1808,"column":9}},"line":1797},"144":{"name":"(anonymous_144)","decl":{"start":{"line":1802,"column":18},"end":{"line":1802,"column":19}},"loc":{"start":{"line":1802,"column":34},"end":{"line":1804,"column":13}},"line":1802},"145":{"name":"(anonymous_145)","decl":{"start":{"line":1805,"column":19},"end":{"line":1805,"column":20}},"loc":{"start":{"line":1805,"column":30},"end":{"line":1807,"column":13}},"line":1805},"146":{"name":"(anonymous_146)","decl":{"start":{"line":1844,"column":2},"end":{"line":1844,"column":3}},"loc":{"start":{"line":1844,"column":24},"end":{"line":2028,"column":3}},"line":1844},"147":{"name":"(anonymous_147)","decl":{"start":{"line":2035,"column":2},"end":{"line":2035,"column":3}},"loc":{"start":{"line":2035,"column":14},"end":{"line":2257,"column":3}},"line":2035},"148":{"name":"(anonymous_148)","decl":{"start":{"line":2036,"column":24},"end":{"line":2036,"column":25}},"loc":{"start":{"line":2036,"column":45},"end":{"line":2256,"column":5}},"line":2036},"149":{"name":"(anonymous_149)","decl":{"start":{"line":2263,"column":2},"end":{"line":2263,"column":3}},"loc":{"start":{"line":2263,"column":18},"end":{"line":2283,"column":3}},"line":2263},"150":{"name":"(anonymous_150)","decl":{"start":{"line":2264,"column":23},"end":{"line":2264,"column":24}},"loc":{"start":{"line":2264,"column":44},"end":{"line":2282,"column":5}},"line":2264},"151":{"name":"(anonymous_151)","decl":{"start":{"line":2290,"column":2},"end":{"line":2290,"column":3}},"loc":{"start":{"line":2290,"column":17},"end":{"line":2306,"column":3}},"line":2290},"152":{"name":"(anonymous_152)","decl":{"start":{"line":2291,"column":23},"end":{"line":2291,"column":24}},"loc":{"start":{"line":2291,"column":44},"end":{"line":2305,"column":5}},"line":2291},"153":{"name":"(anonymous_153)","decl":{"start":{"line":2293,"column":14},"end":{"line":2293,"column":15}},"loc":{"start":{"line":2293,"column":26},"end":{"line":2304,"column":9}},"line":2293},"154":{"name":"(anonymous_154)","decl":{"start":{"line":2298,"column":18},"end":{"line":2298,"column":19}},"loc":{"start":{"line":2298,"column":34},"end":{"line":2300,"column":13}},"line":2298},"155":{"name":"(anonymous_155)","decl":{"start":{"line":2301,"column":19},"end":{"line":2301,"column":20}},"loc":{"start":{"line":2301,"column":30},"end":{"line":2303,"column":13}},"line":2301}},"branchMap":{"0":{"loc":{"start":{"line":34,"column":4},"end":{"line":85,"column":5}},"type":"if","locations":[{"start":{"line":34,"column":4},"end":{"line":85,"column":5}},{"start":{"line":34,"column":4},"end":{"line":85,"column":5}}],"line":34},"1":{"loc":{"start":{"line":34,"column":8},"end":{"line":34,"column":43}},"type":"binary-expr","locations":[{"start":{"line":34,"column":8},"end":{"line":34,"column":16}},{"start":{"line":34,"column":20},"end":{"line":34,"column":43}}],"line":34},"2":{"loc":{"start":{"line":35,"column":6},"end":{"line":79,"column":7}},"type":"if","locations":[{"start":{"line":35,"column":6},"end":{"line":79,"column":7}},{"start":{"line":35,"column":6},"end":{"line":79,"column":7}}],"line":35},"3":{"loc":{"start":{"line":36,"column":8},"end":{"line":42,"column":9}},"type":"if","locations":[{"start":{"line":36,"column":8},"end":{"line":42,"column":9}},{"start":{"line":36,"column":8},"end":{"line":42,"column":9}}],"line":36},"4":{"loc":{"start":{"line":36,"column":12},"end":{"line":36,"column":38}},"type":"binary-expr","locations":[{"start":{"line":36,"column":12},"end":{"line":36,"column":25}},{"start":{"line":36,"column":29},"end":{"line":36,"column":38}}],"line":36},"5":{"loc":{"start":{"line":38,"column":15},"end":{"line":42,"column":9}},"type":"if","locations":[{"start":{"line":38,"column":15},"end":{"line":42,"column":9}},{"start":{"line":38,"column":15},"end":{"line":42,"column":9}}],"line":38},"6":{"loc":{"start":{"line":38,"column":19},"end":{"line":38,"column":67}},"type":"binary-expr","locations":[{"start":{"line":38,"column":20},"end":{"line":38,"column":28}},{"start":{"line":38,"column":32},"end":{"line":38
[...]
if","locations":[{"start":{"line":1384,"column":12},"end":{"line":1388,"column":13}},{"start":{"line":1384,"column":12},"end":{"line":1388,"column":13}}],"line":1384},"127":{"loc":{"start":{"line":1391,"column":10},"end":{"line":1409,"column":11}},"type":"if","locations":[{"start":{"line":1391,"column":10},"end":{"line":1409,"column":11}},{"start":{"line":1391,"column":10},"end":{"line":1409,"column":11}}],"line":1391},"128":{"loc":{"start":{"line":1393,"column":12},"end":{"line":1399,"column":13}},"type":"if","locations":[{"start":{"line":1393,"column":12},"end":{"line":1399,"column":13}},{"start":{"line":1393,"column":12},"end":{"line":1399,"column":13}}],"line":1393},"129":{"loc":{"start":{"line":1402,"column":12},"end":{"line":1408,"column":13}},"type":"if","locations":[{"start":{"line":1402,"column":12},"end":{"line":1408,"column":13}},{"start":{"line":1402,"column":12},"end":{"line":1408,"column":13}}],"line":1402},"130":{"loc":{"start":{"line":1417,"column":6},"end":{"line":1434,"column":7}},"type":"if","locations":[{"start":{"line":1417,"column":6},"end":{"line":1434,"column":7}},{"start":{"line":1417,"column":6},"end":{"line":1434,"column":7}}],"line":1417},"131":{"loc":{"start":{"line":1417,"column":10},"end":{"line":1417,"column":58}},"type":"binary-expr","locations":[{"start":{"line":1417,"column":10},"end":{"line":1417,"column":36}},{"start":{"line":1417,"column":40},"end":{"line":1417,"column":58}}],"line":1417},"132":{"loc":{"start":{"line":1428,"column":10},"end":{"line":1431,"column":11}},"type":"if","locations":[{"start":{"line":1428,"column":10},"end":{"line":1431,"column":11}},{"start":{"line":1428,"column":10},"end":{"line":1431,"column":11}}],"line":1428},"133":{"loc":{"start":{"line":1444,"column":6},"end":{"line":1448,"column":7}},"type":"if","locations":[{"start":{"line":1444,"column":6},"end":{"line":1448,"column":7}},{"start":{"line":1444,"column":6},"end":{"line":1448,"column":7}}],"line":1444},"134":{"loc":{"start":{"line":1465,"column":6},"end":{"line":1467,"column":7}},"type":"if","locations":[{"start":{"line":1465,"column":6},"end":{"line":1467,"column":7}},{"start":{"line":1465,"column":6},"end":{"line":1467,"column":7}}],"line":1465},"135":{"loc":{"start":{"line":1691,"column":14},"end":{"line":1691,"column":27}},"type":"binary-expr","locations":[{"start":{"line":1691,"column":14},"end":{"line":1691,"column":21}},{"start":{"line":1691,"column":25},"end":{"line":1691,"column":27}}],"line":1691},"136":{"loc":{"start":{"line":1693,"column":18},"end":{"line":1693,"column":45}},"type":"binary-expr","locations":[{"start":{"line":1693,"column":18},"end":{"line":1693,"column":32}},{"start":{"line":1693,"column":36},"end":{"line":1693,"column":45}}],"line":1693},"137":{"loc":{"start":{"line":1695,"column":19},"end":{"line":1695,"column":47}},"type":"binary-expr","locations":[{"start":{"line":1695,"column":19},"end":{"line":1695,"column":34}},{"start":{"line":1695,"column":38},"end":{"line":1695,"column":47}}],"line":1695},"138":{"loc":{"start":{"line":1697,"column":19},"end":{"line":1697,"column":47}},"type":"binary-expr","locations":[{"start":{"line":1697,"column":19},"end":{"line":1697,"column":34}},{"start":{"line":1697,"column":38},"end":{"line":1697,"column":47}}],"line":1697},"139":{"loc":{"start":{"line":1699,"column":19},"end":{"line":1699,"column":47}},"type":"binary-expr","locations":[{"start":{"line":1699,"column":19},"end":{"line":1699,"column":34}},{"start":{"line":1699,"column":38},"end":{"line":1699,"column":47}}],"line":1699},"140":{"loc":{"start":{"line":1701,"column":24},"end":{"line":1702,"column":37}},"type":"cond-expr","locations":[{"start":{"line":1702,"column":10},"end":{"line":1702,"column":30}},{"start":{"line":1702,"column":33},"end":{"line":1702,"column":37}}],"line":1701},"141":{"loc":{"start":{"line":1704,"column":22},"end":{"line":1751,"column":5}},"type":"binary-expr","locations":[{"start":{"line":1704,"column":22},"end":{"line":1704,"column":40}},{"start":{"line":1704,"column":44},"end":{"line":1751,"column":5}}],"line":1704},"142":{"loc":{"start":{"line":1752,"column":4},"end":{"line":1759,"column":5}},"type":"if","locations":[{"start":{"line":1752,"column":4},"end":{"line":1759,"column":5}},{"start":{"line":1752,"column":4},"end":{"line":1759,"column":5}}],"line":1752},"143":{"loc":{"start":{"line":1753,"column":6},"end":{"line":1758,"column":7}},"type":"if","locations":[{"start":{"line":1753,"column":6},"end":{"line":1758,"column":7}},{"start":{"line":1753,"column":6},"end":{"line":1758,"column":7}}],"line":1753},"144":{"loc":{"start":{"line":1780,"column":8},"end":{"line":1782,"column":9}},"type":"if","locations":[{"start":{"line":1780,"column":8},"end":{"line":1782,"column":9}},{"start":{"line":1780,"column":8},"end":{"line":1782,"column":9}}],"line":1780},"145":{"loc":{"start":{"line":1798,"column":10},"end":{"line":1800,"column":11}},"type":"if","locations":[{"start":{"line":1798,"column":10},"end":{"line":1800,"column":11}},{"start":{"line":1798,"column":10},"end":{"line":1800,"column":11}}],"line":1798},"146":{"loc":{"start":{"line":1847,"column":14},"end":{"line":1847,"column":27}},"type":"binary-expr","locations":[{"start":{"line":1847,"column":14},"end":{"line":1847,"column":21}},{"start":{"line":1847,"column":25},"end":{"line":1847,"column":27}}],"line":1847},"147":{"loc":{"start":{"line":1849,"column":24},"end":{"line":1849,"column":57}},"type":"binary-expr","locations":[{"start":{"line":1849,"column":24},"end":{"line":1849,"column":44}},{"start":{"line":1849,"column":48},"end":{"line":1849,"column":57}}],"line":1849},"148":{"loc":{"start":{"line":1851,"column":25},"end":{"line":1851,"column":59}},"type":"binary-expr","locations":[{"start":{"line":1851,"column":25},"end":{"line":1851,"column":46}},{"start":{"line":1851,"column":50},"end":{"line":1851,"column":59}}],"line":1851},"149":{"loc":{"start":{"line":1853,"column":25},"end":{"line":1853,"column":59}},"type":"binary-expr","locations":[{"start":{"line":1853,"column":25},"end":{"line":1853,"column":46}},{"start":{"line":1853,"column":50},"end":{"line":1853,"column":59}}],"line":1853},"150":{"loc":{"start":{"line":1855,"column":30},"end":{"line":1855,"column":69}},"type":"binary-expr","locations":[{"start":{"line":1855,"column":30},"end":{"line":1855,"column":56}},{"start":{"line":1855,"column":60},"end":{"line":1855,"column":69}}],"line":1855},"151":{"loc":{"start":{"line":1857,"column":16},"end":{"line":1857,"column":41}},"type":"binary-expr","locations":[{"start":{"line":1857,"column":16},"end":{"line":1857,"column":28}},{"start":{"line":1857,"column":32},"end":{"line":1857,"column":41}}],"line":1857},"152":{"loc":{"start":{"line":1859,"column":20},"end":{"line":1859,"column":49}},"type":"binary-expr","locations":[{"start":{"line":1859,"column":20},"end":{"line":1859,"column":36}},{"start":{"line":1859,"column":40},"end":{"line":1859,"column":49}}],"line":1859},"153":{"loc":{"start":{"line":1861,"column":22},"end":{"line":2019,"column":5}},"type":"binary-expr","locations":[{"start":{"line":1861,"column":22},"end":{"line":1861,"column":40}},{"start":{"line":1861,"column":44},"end":{"line":2019,"column":5}}],"line":1861},"154":{"loc":{"start":{"line":2020,"column":4},"end":{"line":2027,"column":5}},"type":"if","locations":[{"start":{"line":2020,"column":4},"end":{"line":2027,"column":5}},{"start":{"line":2020,"column":4},"end":{"line":2027,"column":5}}],"line":2020},"155":{"loc":{"start":{"line":2021,"column":6},"end":{"line":2026,"column":7}},"type":"if","locations":[{"start":{"line":2021,"column":6},"end":{"line":2026,"column":7}},{"start":{"line":2021,"column":6},"end":{"line":2026,"column":7}}],"line":2021},"156":{"loc":{"start":{"line":2196,"column":6},"end":{"line":2201,"column":7}},"type":"if","locations":[{"start":{"line":2196,"column":6},"end":{"line":2201,"column":7}},{"start":{"line":2196,"column":6},"end":{"line":2201,"column":7}}],"line":2196},"157":{"loc":{"start":{"line":2196,"column":10},"end":{"line":2198,"column":51}},"type":"binary-expr","locations":[{"start":{"line":2196,"column":10},"end":{"line":2196,"column":47}},{"start":{"line":2197,"column":13},"end":{"line":2197,"column":51}},{"start":{"line":2198,"column":13},"end":{"line":2198,"column":51}}],"line":2196},"158":{"loc":{"start":{"line":2202,"column":6},"end":{"line":2224,"column":7}},"type":"if","locations":[{"start":{"line":2202,"column":6},"end":{"line":2224,"column":7}},{"start":{"line":2202,"column":6},"end":{"line":2224,"column":7}}],"line":2202},"159":{"loc":{"start":{"line":2202,"column":10},"end":{"line":2221,"column":11}},"type":"binary-expr","locations":[{"start":{"line":2202,"column":10},"end":{"line":2202,"column":23}},{"start":{"line":2205,"column":14},"end":{"line":2205,"column":47}},{"start":{"line":2207,"column":16},"end":{"line":2207,"column":43}},{"start":{"line":2208,"column":19},"end":{"line":2208,"column":42}},{"start":{"line":2209,"column":19},"end":{"line":2209,"column":45}},{"start":{"line":2210,"column":19},"end":{"line":2210,"column":43}},{"start":{"line":2211,"column":19},"end":{"line":2211,"column":48}},{"start":{"line":2215,"column":14},"end":{"line":2215,"column":47}},{"start":{"line":2217,"column":16},"end":{"line":2217,"column":33}},{"start":{"line":2218,"column":19},"end":{"line":2218,"column":37}}],"line":2202},"160":{"loc":{"start":{"line":2228,"column":8},"end":{"line":2253,"column":9}},"type":"if","locations":[{"start":{"line":2228,"column":8},"end":{"line":2253,"column":9}},{"start":{"line":2228,"column":8},"end":{"line":2253,"column":9}}],"line":2228},"161":{"loc":{"start":{"line":2229,"column":10},"end":{"line":2252,"column":11}},"type":"if","locations":[{"start":{"line":2229,"column":10},"end":{"line":2252,"column":11}},{"start":{"line":2229,"column":10},"end":{"line":2252,"column":11}}],"line":2229},"162":{"loc":{"start":{"line":2230,"column":12},"end":{"line":2251,"column":13}},"type":"if","locations":[{"start":{"line":2230,"column":12},"end":{"line":2251,"column":13}},{"start":{"line":2230,"column":12},"end":{"line":2251,"column":13}}],"line":2230},"163":{"loc":{"start":{"line":2233,"column":14},"end":{"line":2243,"column":15}},"type":"if","locations":[{"start":{"line":2233,"column":14},"end":{"line":2243,"column":15}},{"start":{"line":2233,"column":14},"end":{"line":2243,"column":15}}],"line":2233},"164":{"loc":{"start":{"line":2233,"column":18},"end":{"line":2235,"column":77}},"type":"binary-expr","locations":[{"start":{"line":2233,"column":18},"end":{"line":2233,"column":53}},{"start":{"line":2234,"column":21},"end":{"line":2234,"column":56}},{"start":{"line":2235,"column":21},"end":{"line":2235,"column":77}}],"line":2233},"165":{"loc":{"start":{"line":2277,"column":8},"end":{"line":2279,"column":9}},"type":"if","locations":[{"start":{"line":2277,"column":8},"end":{"line":2279,"column":9}},{"start":{"line":2277,"column":8},"end":{"line":2279,"column":9}}],"line":2277},"166":{"loc":{"start":{"line":2294,"column":10},"end":{"line":2296,"column":11}},"type":"if","locations":[{"start":{"line":2294,"column":10},"end":{"line":2296,"column":11}},{"start":{"line":2294,"column":10},"end":{"line":2296,"column":11}}],"line":2294}},"s":{"0":1,"1":1,"2":1,"3":1,"4":1,"5":57,"6":57,"7":57,"8":57,"9":41,"10":34,"11":1,"12":33,"13":32,"14":1,"15":7,"16":7,"17":7,"18":7,"19":4,"20":3,"21":1,"22":2,"23":1,"24":1,"25":1,"26":3,"27":3,"28":3,"29":3,"30":3,"31":3,"32":3,"33":1,"34":3,"35":1,"36":41,"37":41,"38":16,"39":16,"40":32,"41":32,"42":6,"43":32,"44":32,"45":32,"46":32,"47":32,"48":32,"49":6,"50":26,"51":32,"52":3,"53":32,"54":3,"55":32,"56":4,"57":28,"58":32,"59":2,"60":1,"61":1,"62":32,"63":2,"64":1,"65":1,"66":32,"67":2,"68":1,"69":1,"70":32,"71":2,"72":1,"73":1,"74":32,"75":1,"76":32,"77":1,"78":32,"79":1,"80":32,"81":1,"82":7,"83":7,"84":5,"85":2,"86":1,"87":1,"88":1,"89":1,"90":7,"91":20,"92":20,"93":20,"94":20,"95":19,"96":19,"97":19,"98":19,"99":19,"100":19,"101":1,"102":7,"103":7,"104":7,"105":7,"106":6,"107":6,"108":2,"109":2,"110":2,"111":6,"112":6,"113":2,"114":6,"115":1,"116":1,"117":6,"118":3,"119":3,"120":1,"121":7,"122":7,"123":7,"124":7,"125":1,"126":1,"127":6,"128":1,"129":1,"130":1,"131":1,"132":5,"133":1,"134":1,"135":1,"136":1,"137":5,"138":5,"139":4,"140":4,"141":4,"142":1,"143":1,"144":1,"145":4,"146":3,"147":3,"148":3,"149":4,"150":3,"151":3,"152":3,"153":4,"154":4,"155":2,"156":4,"157":1,"158":1,"159":4,"160":2,"161":2,"162":36,"163":36,"164":1,"165":1,"166":35,"167":35,"168":20,"169":19,"170":1,"171":15,"172":7,"173":2,"174":5,"175":8,"176":7,"177":2,"178":5,"179":1,"180":1,"181":1,"182":10,"183":10,"184":10,"185":10,"186":10,"187":10,"188":1,"189":9,"190":10,"191":1,"192":9,"193":10,"194":2,"195":1,"196":1,"197":10,"198":1,"199":1,"200":1,"201":1,"202":1,"203":1,"204":1,"205":1,"206":9,"207":9,"208":9,"209":9,"210":9,"211":9,"212":9,"213":9,"214":10,"215":1,"216":10,"217":10,"218":10,"219":3,"220":3,"221":2,"222":2,"223":1,"224":1,"225":1,"226":1,"227":10,"228":3,"229":3,"230":2,"231":2,"232":1,"233":1,"234":1,"235":1,"236":10,"237":3,"238":3,"239":2,"240":2,"241":1,"242":1,"243":1,"244":1,"245":10,"246":3,"247":3,"248":2,"249":2,"250":1,"251":1,"252":1,"253":1,"254":10,"255":3,"256":3,"257":2,"258":2,"259":1,"260":1,"261":1,"262":1,"263":10,"264":3,"265":3,"266":2,"267":2,"268":1,"269":1,"270":1,"271":1,"272":10,"273":3,"274":3,"275":2,"276":2,"277":1,"278":1,"279":1,"280":1,"281":10,"282":3,"283":3,"284":2,"285":2,"286":1,"287":1,"288":1,"289":1,"290":10,"291":2,"292":8,"293":14,"294":14,"295":14,"296":14,"297":1,"298":1,"299":1,"300":1,"301":13,"302":13,"303":13,"304":13,"305":13,"306":13,"307":13,"308":13,"309":3,"310":3,"311":3,"312":1,"313":3,"314":2,"315":2,"316":1,"317":3,"318":13,"319":13,"320":13,"321":13,"322":13,"323":13,"324":13,"325":13,"326":13,"327":11,"328":11,"329":2,"330":11,"331":10,"332":9,"333":1,"334":1,"335":1,"336":1,"337":1,"338":1,"339":1,"340":1,"341":1,"342":1,"343":1,"344":1,"345":1,"346":2,"347":1,"348":1,"349":1,"350":19,"351":19,"352":19,"353":19,"354":19,"355":18,"356":1,"357":19,"358":5,"359":14,"360":19,"361":13,"362":6,"363":19,"364":5,"365":14,"366":19,"367":2,"368":17,"369":19,"370":18,"371":1,"372":19,"373":4,"374":15,"375":19,"376":2,"377":17,"378":19,"379":2,"380":1,"381":1,"382":19,"383":2,"384":2,"385":2,"386":2,"387":2,"388":2,"389":2,"390":2,"391":17,"392":17,"393":17,"394":17,"395":17,"396":17,"397":17,"398":17,"399":19,"400":1,"401":10,"402":10,"403":10,"404":3,"405":3,"406":2,"407":2,"408":1,"409":1,"410":1,"411":1,"412":10,"413":3,"414":3,"415":2,"416":2,"417":1,"418":1,"419":1,"420":1,"421":10,"422":3,"423":3,"424":2,"425":2,"426":1,"427":1,"428":1,"429":1,"430":10,"431":3,"432":3,"433":2,"434":2,"435":1,"436":1,"437":1,"438":1,"439":10,"440":3,"441":3,"442":2,"443":2,"444":1,"445":1,"446":1,"447":1,"448":10,"449":3,"450":3,"451":2,"452":2,"453":1,"454":1,"455":1,"456":1,"457":10,"458":3,"459":3,"460":2,"461":2,"462":1,"463":1,"464":1,"465":1,"466":10,"467":3,"468":3,"469":2,"470":2,"471":1,"472":1,"473":1,"474":1,"475":10,"476":2,"477":8,"478":22,"479":22,"480":22,"481":22,"482":1,"483":1,"484":1,"485":1,"486":21,"487":21,"488":21,"489":21,"490":21,"491":21,"492":21,"493":21,"494":21,"495":21,"496":21,"497":21,"498":5,"499":5,"500":5,"501":2,"502":5,"503":4,"504":4,"505":1,"506":5,"507":21,"508":21,"509":20,"510":20,"511":5,"512":5,"513":3,"514":1,"515":2,"516":2,"517":1,"518":1,"519":15,"520":13,"521":13,"522":1,"523":1,"524":1,"525":12,"526":2,"527":2,"528":1,"529":1,"530":1,"531":1,"532":20,"533":20,"534":21,"535":21,"536":21,"537":2,"538":2,"539":2,"540":2,"541":4,"542":4,"543":3,"544":3,"545":2,"546":21,"547":21,"548":21,"549":21,"550":21,"551":21,"552":21,"553":21,"554":21,"555":20,"556":1,"557":21,"558":21,"559":11,"560":11,"561":2,"562":11,"563":10,"564":9,"565":1,"566":1,"567":1,"568":1,"569":1,"570":1,"571":1,"572":1,"573":1,"574":1,"575":1,"576":1,"577":1,"578":2,"579":1,"580":1,"581":1,"582":6,"583":6,"584":6,"585":6,"586":6,"587":6,"588":6,"589":6,"590":6,"591":2,"592":1,"593":1,"594":3,"595":3,"596":3,"597":3,"598":3,"599":3,"600":3,"601":3,"602":3,"603":3,"604":3,"605":93,"606":1,"607":3,"608":3,"609":3,"610":3,"611":1,"612":3,"613":2,"614":1,"615":9,"616":9,"617":9,"618":9,"619":9,"620":9,"621":9,"622":9,"623":9,"624":9,"625":2,"626":1,"627":1,"628":5,"629":5,"630":5,"631":1,"632":5,"633":1,"634":5,"635":5,"636":5,"637":318,"638":4,"639":3,"640":2,"641":1,"642":1,"643":1,"644":1,"645":1,"646":1,"647":1,"648":1,"649":1,"650":1,"651":1,"652":1,"653":1,"654":5,"655":2,"656":2,"657":2,"658":2,"659":2,"660":2,"661":2,"662":2,"663":2,"664":2,"665":2,"666":2,"667":158,"668":1,"669":2,"670":2,"671":2,"672":2,"673":1,"674":2,"675":1,"676":1,"677":1},"f":{"0":57,"1":57,"2":32,"3":7,"4":7,"5":20,"6":20,"7":19,"8":19,"9":1,"10":7,"11":7,"12":6,"13":2,"14":2,"15":2,"16":1,"17":3,"18":1,"19":7,"20":7,"21":3,"22":3,"23":2,"24":1,"25":2,"26":36,"27":36,"28":19,"29":1,"30":2,"31":5,"32":2,"33":5,"34":10,"35":10,"36":10,"37":3,"38":2,"39":1,"40":3,"41":2,"42":1,"43":3,"44":2,"45":1,"46":3,"47":2,"48":1,"49":3,"50":2,"51":1,"52":3,"53":2,"54":1,"55":3,"56":2,"57":1,"58":3,"59":2,"60":1,"61":2,"62":8,"63":14,"64":14,"65":11,"66":11,"67":10,"68":9,"69":1,"70":1,"71":1,"72":1,"73":1,"74":1,"75":1,"76":1,"77":1,"78":1,"79":1,"80":1,"81":1,"82":2,"83":1,"84":1,"85":1,"86":19,"87":10,"88":10,"89":3,"90":2,"91":1,"92":3,"93":2,"94":1,"95":3,"96":2,"97":1,"98":3,"99":2,"100":1,"101":3,"102":2,"103":1,"104":3,"105":2,"106":1,"107":3,"108":2,"109":1,"110":3,"111":2,"112":1,"113":2,"114":8,"115":22,"116":22,"117":11,"118":11,"119":10,"120":9,"121":1,"122":1,"123":1,"124":1,"125":1,"126":1,"127":1,"128":1,"129":1,"130":1,"131":1,"132":1,"133":1,"134":2,"135":1,"136":1,"137":1,"138":6,"139":3,"140":3,"141":3,"142":3,"143":3,"144":2,"145":1,"146":9,"147":5,"148":5,"149":2,"150":2,"151":2,"152":2,"153":2,"154":1,"155":1},"b":{"0":[41,16],"1":[57,50],"2":[34,7],"3":[1,33],"4":[34,2],"5":[32,1],"6":[33,33,1,1],"7":[4,3],"8":[3,1],"9":[4,3],"10":[1,2],"11":[1,1],"12":[1,2],"13":[1,2],"14":[6,26],"15":[32,22],"16":[32,13],"17":[32,14],"18":[32,26],"19":[6,26],"20":[32,5,27],"21":[3,29],"22":[3,29],"23":[4,28],"24":[28,28],"25":[2,30],"26":[1,1],"27":[2,30],"28":[1,1],"29":[2,30],"30":[1,1],"31":[2,30],"32":[1,1],"33":[1,31],"34":[32,1],"35":[1,31],"36":[32,1],"37":[1,31],"38":[32,1],"39":[1,31],"40":[32,1],"41":[5,2],"42":[7,5],"43":[1,1],"44":[1,18],"45":[1,6],"46":[7,2],"47":[1,5],"48":[6,5],"49":[1,4],"50":[5,5],"51":[4,1],"52":[1,3],"53":[1,35],"54":[20,15],"55":[7,8],"56":[7,1],"57":[10,6],"58":[10,10],"59":[10,10],"60":[10,10],"61":[1,9],"62":[1,9],"63":[2,8],"64":[1,1],"65":[1,9],"66":[1,9],"67":[3,7],"68":[3,7],"69":[3,7],"70":[3,7],"71":[3,7],"72":[3,7],"73":[3,7],"74":[3,7],"75":[14,2],"76":[9,5],"77":[1,13],"78":[14,13],"79":[3,10],"80":[3,1],"81":[1,2],"82":[2,1],"83":[2,9],"84":[19,6],"85":[19,19],"86":[19,19],"87":[18,1],"88":[19,9],"89":[5,14],"90":[13,6],"91":[19,10],"92":[5,14],"93":[2,17],"94":[18,1],"95":[19,1],"96":[4,15],"97":[2,17],"98":[2,17],"99":[1,1],"100":[2,17],"101":[1,18],"102":[3,7],"103":[3,7],"104":[3,7],"105":[3,7],"106":[3,7],"107":[3,7],"108":[3,7],"109":[3,7],"110":[22,9],"111":[9,13],"112":[1,21],"113":[22,21],"114":[21,21],"115":[21,21],"116":[21,21],"117":[21,20],"118":[5,16],"119":[5,1],"120":[2,3],"121":[4,1],"122":[20,1],"123":[5,15],"124":[3,2],"125":[1,2],"126":[1,1],"127":[13,2],"128":[1,12],"129":[1,1],"130":[2,19],"131":[21,2],"132":[3,1],"133":[20,1],"134":[2,9],"135":[6,3],"136":[6,5],"137":[6,5],"138":[6,5],"139":[6,5],"140":[1,5],"141":[6,5],"142":[2,4],"143":[1,1],"144":[1,92],"145":[1,2],"146":[9,4],"147":[9,9],"148":[9,9],"149":[9,9],"150":[9,9],"151":[9,9],"152":[9,8],"153":[9,6],"154":[2,7],"155":[1,1],"156":[1,4],"157":[5,5,4],"158":[1,4],"159":[5,5,4,1,1,1,1,4,1,1],"160":[4,314],"161":[3,1],"162":[2,1],"163":[1,1],"164":[2,2,2],"165":[1,157],"166":[1,1]},"_coverageSchema":"332fd63041d2c1bcb487cc26dd0d5f7d97098a6c","hash":"1f37405e2bd24e517bee2a8af9733dd6a4c28f5a"}
}
