TN:
SF:/home/ubuntu/workspace/glue/transport/syslog/index.js
FN:29,rgbToAnsi
FN:30,(anonymous_1)
FN:140,(anonymous_2)
FN:235,(anonymous_3)
FN:236,(anonymous_4)
FN:257,(anonymous_5)
FN:258,(anonymous_6)
FN:264,(anonymous_7)
FN:269,(anonymous_8)
FN:274,(anonymous_9)
FN:287,(anonymous_10)
FN:288,(anonymous_11)
FN:294,(anonymous_12)
FN:300,(anonymous_13)
FN:303,(anonymous_14)
FN:308,(anonymous_15)
FN:311,(anonymous_16)
FN:315,(anonymous_17)
FN:320,(anonymous_18)
FN:333,(anonymous_19)
FN:334,(anonymous_20)
FN:374,(anonymous_21)
FN:377,(anonymous_22)
FN:383,(anonymous_23)
FN:386,(anonymous_24)
FN:390,(anonymous_25)
FN:405,(anonymous_26)
FN:406,(anonymous_27)
FN:414,(anonymous_28)
FN:417,(anonymous_29)
FN:422,(anonymous_30)
FN:425,(anonymous_31)
FN:430,(anonymous_32)
FN:433,(anonymous_33)
FN:495,(anonymous_34)
FN:582,(anonymous_35)
FN:583,(anonymous_36)
FN:587,(anonymous_37)
FN:589,(anonymous_38)
FN:593,(anonymous_39)
FN:603,(anonymous_40)
FN:605,(anonymous_41)
FN:609,(anonymous_42)
FN:619,(anonymous_43)
FN:621,(anonymous_44)
FN:625,(anonymous_45)
FN:635,(anonymous_46)
FN:637,(anonymous_47)
FN:641,(anonymous_48)
FN:651,(anonymous_49)
FN:653,(anonymous_50)
FN:657,(anonymous_51)
FN:667,(anonymous_52)
FN:669,(anonymous_53)
FN:673,(anonymous_54)
FN:683,(anonymous_55)
FN:685,(anonymous_56)
FN:689,(anonymous_57)
FN:699,(anonymous_58)
FN:701,(anonymous_59)
FN:705,(anonymous_60)
FN:714,(anonymous_61)
FN:717,(anonymous_62)
FN:733,(anonymous_63)
FN:734,(anonymous_64)
FN:797,(anonymous_65)
FN:798,(anonymous_66)
FN:803,(anonymous_67)
FN:805,(anonymous_68)
FN:808,(anonymous_69)
FN:812,(anonymous_70)
FN:824,(anonymous_71)
FN:837,(anonymous_72)
FN:847,(anonymous_73)
FN:860,(anonymous_74)
FN:873,(anonymous_75)
FN:883,(anonymous_76)
FN:896,(anonymous_77)
FN:906,(anonymous_78)
FN:919,(anonymous_79)
FN:929,(anonymous_80)
FN:942,(anonymous_81)
FN:952,(anonymous_82)
FN:965,(anonymous_83)
FN:975,(anonymous_84)
FN:985,(anonymous_85)
FN:1050,(anonymous_86)
FN:1172,(anonymous_87)
FN:1173,(anonymous_88)
FN:1177,(anonymous_89)
FN:1179,(anonymous_90)
FN:1183,(anonymous_91)
FN:1193,(anonymous_92)
FN:1195,(anonymous_93)
FN:1199,(anonymous_94)
FN:1209,(anonymous_95)
FN:1211,(anonymous_96)
FN:1215,(anonymous_97)
FN:1225,(anonymous_98)
FN:1227,(anonymous_99)
FN:1231,(anonymous_100)
FN:1241,(anonymous_101)
FN:1243,(anonymous_102)
FN:1247,(anonymous_103)
FN:1257,(anonymous_104)
FN:1259,(anonymous_105)
FN:1263,(anonymous_106)
FN:1273,(anonymous_107)
FN:1275,(anonymous_108)
FN:1279,(anonymous_109)
FN:1289,(anonymous_110)
FN:1291,(anonymous_111)
FN:1295,(anonymous_112)
FN:1304,(anonymous_113)
FN:1307,(anonymous_114)
FN:1332,(anonymous_115)
FN:1333,(anonymous_116)
FN:1463,(anonymous_117)
FN:1464,(anonymous_118)
FN:1469,(anonymous_119)
FN:1471,(anonymous_120)
FN:1474,(anonymous_121)
FN:1478,(anonymous_122)
FN:1490,(anonymous_123)
FN:1503,(anonymous_124)
FN:1513,(anonymous_125)
FN:1526,(anonymous_126)
FN:1539,(anonymous_127)
FN:1549,(anonymous_128)
FN:1562,(anonymous_129)
FN:1572,(anonymous_130)
FN:1585,(anonymous_131)
FN:1595,(anonymous_132)
FN:1608,(anonymous_133)
FN:1618,(anonymous_134)
FN:1631,(anonymous_135)
FN:1641,(anonymous_136)
FN:1651,(anonymous_137)
FN:1688,(anonymous_138)
FN:1766,(anonymous_139)
FN:1767,(anonymous_140)
FN:1794,(anonymous_141)
FN:1795,(anonymous_142)
FN:1797,(anonymous_143)
FN:1802,(anonymous_144)
FN:1805,(anonymous_145)
FN:1844,(anonymous_146)
FN:2035,(anonymous_147)
FN:2036,(anonymous_148)
FN:2263,(anonymous_149)
FN:2264,(anonymous_150)
FN:2290,(anonymous_151)
FN:2291,(anonymous_152)
FN:2293,(anonymous_153)
FN:2298,(anonymous_154)
FN:2301,(anonymous_155)
FNF:156
FNH:156
FNDA:57,rgbToAnsi
FNDA:57,(anonymous_1)
FNDA:32,(anonymous_2)
FNDA:7,(anonymous_3)
FNDA:7,(anonymous_4)
FNDA:20,(anonymous_5)
FNDA:20,(anonymous_6)
FNDA:19,(anonymous_7)
FNDA:19,(anonymous_8)
FNDA:1,(anonymous_9)
FNDA:7,(anonymous_10)
FNDA:7,(anonymous_11)
FNDA:6,(anonymous_12)
FNDA:2,(anonymous_13)
FNDA:2,(anonymous_14)
FNDA:2,(anonymous_15)
FNDA:1,(anonymous_16)
FNDA:3,(anonymous_17)
FNDA:1,(anonymous_18)
FNDA:7,(anonymous_19)
FNDA:7,(anonymous_20)
FNDA:3,(anonymous_21)
FNDA:3,(anonymous_22)
FNDA:2,(anonymous_23)
FNDA:1,(anonymous_24)
FNDA:2,(anonymous_25)
FNDA:36,(anonymous_26)
FNDA:36,(anonymous_27)
FNDA:19,(anonymous_28)
FNDA:1,(anonymous_29)
FNDA:2,(anonymous_30)
FNDA:5,(anonymous_31)
FNDA:2,(anonymous_32)
FNDA:5,(anonymous_33)
FNDA:10,(anonymous_34)
FNDA:10,(anonymous_35)
FNDA:10,(anonymous_36)
FNDA:3,(anonymous_37)
FNDA:2,(anonymous_38)
FNDA:1,(anonymous_39)
FNDA:3,(anonymous_40)
FNDA:2,(anonymous_41)
FNDA:1,(anonymous_42)
FNDA:3,(anonymous_43)
FNDA:2,(anonymous_44)
FNDA:1,(anonymous_45)
FNDA:3,(anonymous_46)
FNDA:2,(anonymous_47)
FNDA:1,(anonymous_48)
FNDA:3,(anonymous_49)
FNDA:2,(anonymous_50)
FNDA:1,(anonymous_51)
FNDA:3,(anonymous_52)
FNDA:2,(anonymous_53)
FNDA:1,(anonymous_54)
FNDA:3,(anonymous_55)
FNDA:2,(anonymous_56)
FNDA:1,(anonymous_57)
FNDA:3,(anonymous_58)
FNDA:2,(anonymous_59)
FNDA:1,(anonymous_60)
FNDA:2,(anonymous_61)
FNDA:8,(anonymous_62)
FNDA:14,(anonymous_63)
FNDA:14,(anonymous_64)
FNDA:11,(anonymous_65)
FNDA:11,(anonymous_66)
FNDA:10,(anonymous_67)
FNDA:9,(anonymous_68)
FNDA:1,(anonymous_69)
FNDA:1,(anonymous_70)
FNDA:1,(anonymous_71)
FNDA:1,(anonymous_72)
FNDA:1,(anonymous_73)
FNDA:1,(anonymous_74)
FNDA:1,(anonymous_75)
FNDA:1,(anonymous_76)
FNDA:1,(anonymous_77)
FNDA:1,(anonymous_78)
FNDA:1,(anonymous_79)
FNDA:1,(anonymous_80)
FNDA:1,(anonymous_81)
FNDA:2,(anonymous_82)
FNDA:1,(anonymous_83)
FNDA:1,(anonymous_84)
FNDA:1,(anonymous_85)
FNDA:19,(anonymous_86)
FNDA:10,(anonymous_87)
FNDA:10,(anonymous_88)
FNDA:3,(anonymous_89)
FNDA:2,(anonymous_90)
FNDA:1,(anonymous_91)
FNDA:3,(anonymous_92)
FNDA:2,(anonymous_93)
FNDA:1,(anonymous_94)
FNDA:3,(anonymous_95)
FNDA:2,(anonymous_96)
FNDA:1,(anonymous_97)
FNDA:3,(anonymous_98)
FNDA:2,(anonymous_99)
FNDA:1,(anonymous_100)
FNDA:3,(anonymous_101)
FNDA:2,(anonymous_102)
FNDA:1,(anonymous_103)
FNDA:3,(anonymous_104)
FNDA:2,(anonymous_105)
FNDA:1,(anonymous_106)
FNDA:3,(anonymous_107)
FNDA:2,(anonymous_108)
FNDA:1,(anonymous_109)
FNDA:3,(anonymous_110)
FNDA:2,(anonymous_111)
FNDA:1,(anonymous_112)
FNDA:2,(anonymous_113)
FNDA:8,(anonymous_114)
FNDA:22,(anonymous_115)
FNDA:22,(anonymous_116)
FNDA:11,(anonymous_117)
FNDA:11,(anonymous_118)
FNDA:10,(anonymous_119)
FNDA:9,(anonymous_120)
FNDA:1,(anonymous_121)
FNDA:1,(anonymous_122)
FNDA:1,(anonymous_123)
FNDA:1,(anonymous_124)
FNDA:1,(anonymous_125)
FNDA:1,(anonymous_126)
FNDA:1,(anonymous_127)
FNDA:1,(anonymous_128)
FNDA:1,(anonymous_129)
FNDA:1,(anonymous_130)
FNDA:1,(anonymous_131)
FNDA:1,(anonymous_132)
FNDA:1,(anonymous_133)
FNDA:2,(anonymous_134)
FNDA:1,(anonymous_135)
FNDA:1,(anonymous_136)
FNDA:1,(anonymous_137)
FNDA:6,(anonymous_138)
FNDA:3,(anonymous_139)
FNDA:3,(anonymous_140)
FNDA:3,(anonymous_141)
FNDA:3,(anonymous_142)
FNDA:3,(anonymous_143)
FNDA:2,(anonymous_144)
FNDA:1,(anonymous_145)
FNDA:9,(anonymous_146)
FNDA:5,(anonymous_147)
FNDA:5,(anonymous_148)
FNDA:2,(anonymous_149)
FNDA:2,(anonymous_150)
FNDA:2,(anonymous_151)
FNDA:2,(anonymous_152)
FNDA:2,(anonymous_153)
FNDA:1,(anonymous_154)
FNDA:1,(anonymous_155)
DA:15,1
DA:16,1
DA:17,1
DA:18,1
DA:19,1
DA:30,57
DA:31,57
DA:33,57
DA:34,57
DA:35,41
DA:36,34
DA:37,1
DA:38,33
DA:39,32
DA:41,1
DA:44,7
DA:45,7
DA:46,7
DA:47,7
DA:48,4
DA:50,3
DA:51,1
DA:52,2
DA:53,1
DA:55,1
DA:58,1
DA:64,3
DA:65,3
DA:66,3
DA:67,3
DA:68,3
DA:69,3
DA:70,3
DA:71,1
DA:75,3
DA:76,1
DA:80,41
DA:81,41
DA:83,16
DA:84,16
DA:141,32
DA:142,32
DA:143,6
DA:147,32
DA:149,32
DA:150,32
DA:152,32
DA:154,32
DA:155,32
DA:158,6
DA:161,26
DA:163,32
DA:165,3
DA:167,32
DA:169,3
DA:172,32
DA:174,4
DA:176,28
DA:178,32
DA:179,2
DA:181,1
DA:183,1
DA:186,32
DA:187,2
DA:189,1
DA:191,1
DA:194,32
DA:195,2
DA:197,1
DA:199,1
DA:202,32
DA:203,2
DA:205,1
DA:207,1
DA:210,32
DA:211,1
DA:213,32
DA:214,1
DA:216,32
DA:217,1
DA:219,32
DA:220,1
DA:236,7
DA:237,7
DA:239,5
DA:240,2
DA:241,1
DA:243,1
DA:244,1
DA:245,1
DA:247,7
DA:258,20
DA:259,20
DA:260,20
DA:263,20
DA:265,19
DA:266,19
DA:268,19
DA:269,19
DA:270,19
DA:271,19
DA:275,1
DA:288,7
DA:289,7
DA:290,7
DA:293,7
DA:295,6
DA:300,6
DA:302,2
DA:303,2
DA:304,2
DA:307,6
DA:308,6
DA:309,2
DA:311,6
DA:312,1
DA:313,1
DA:315,6
DA:316,3
DA:317,3
DA:321,1
DA:334,7
DA:335,7
DA:336,7
DA:341,7
DA:343,1
DA:344,1
DA:345,6
DA:347,1
DA:348,1
DA:349,1
DA:350,1
DA:351,5
DA:353,1
DA:354,1
DA:355,1
DA:356,1
DA:359,5
DA:360,5
DA:361,4
DA:362,4
DA:363,4
DA:364,1
DA:365,1
DA:366,1
DA:368,4
DA:369,3
DA:371,3
DA:372,3
DA:374,4
DA:376,3
DA:377,3
DA:378,3
DA:381,4
DA:383,4
DA:384,2
DA:386,4
DA:387,1
DA:388,1
DA:390,4
DA:391,2
DA:392,2
DA:406,36
DA:407,36
DA:408,1
DA:409,1
DA:411,35
DA:412,35
DA:413,20
DA:415,19
DA:418,1
DA:420,15
DA:421,7
DA:423,2
DA:426,5
DA:428,8
DA:429,7
DA:431,2
DA:434,5
DA:437,1
DA:438,1
DA:439,1
DA:497,10
DA:498,10
DA:499,10
DA:500,10
DA:501,10
DA:502,10
DA:504,1
DA:506,9
DA:508,10
DA:510,1
DA:512,9
DA:514,10
DA:515,2
DA:517,1
DA:519,1
DA:522,10
DA:524,1
DA:526,1
DA:528,1
DA:530,1
DA:532,1
DA:534,1
DA:536,1
DA:538,1
DA:540,9
DA:541,9
DA:542,9
DA:543,9
DA:544,9
DA:545,9
DA:546,9
DA:547,9
DA:549,10
DA:550,1
DA:583,10
DA:584,10
DA:585,10
DA:586,3
DA:588,3
DA:590,2
DA:591,2
DA:594,1
DA:595,1
DA:596,1
DA:597,1
DA:601,10
DA:602,3
DA:604,3
DA:606,2
DA:607,2
DA:610,1
DA:611,1
DA:612,1
DA:613,1
DA:617,10
DA:618,3
DA:620,3
DA:622,2
DA:623,2
DA:626,1
DA:627,1
DA:628,1
DA:629,1
DA:633,10
DA:634,3
DA:636,3
DA:638,2
DA:639,2
DA:642,1
DA:643,1
DA:644,1
DA:645,1
DA:649,10
DA:650,3
DA:652,3
DA:654,2
DA:655,2
DA:658,1
DA:659,1
DA:660,1
DA:661,1
DA:665,10
DA:666,3
DA:668,3
DA:670,2
DA:671,2
DA:674,1
DA:675,1
DA:676,1
DA:677,1
DA:681,10
DA:682,3
DA:684,3
DA:686,2
DA:687,2
DA:690,1
DA:691,1
DA:692,1
DA:693,1
DA:697,10
DA:698,3
DA:700,3
DA:702,2
DA:703,2
DA:706,1
DA:707,1
DA:708,1
DA:709,1
DA:713,10
DA:715,2
DA:718,8
DA:734,14
DA:735,14
DA:736,14
DA:738,14
DA:739,1
DA:740,1
DA:741,1
DA:742,1
DA:744,13
DA:745,13
DA:746,13
DA:747,13
DA:748,13
DA:750,13
DA:752,13
DA:754,13
DA:755,3
DA:756,3
DA:757,3
DA:758,1
DA:760,3
DA:761,2
DA:762,2
DA:764,1
DA:766,3
DA:770,13
DA:771,13
DA:775,13
DA:776,13
DA:777,13
DA:778,13
DA:779,13
DA:780,13
DA:781,13
DA:798,11
DA:799,11
DA:800,2
DA:802,11
DA:804,10
DA:806,9
DA:809,1
DA:813,1
DA:825,1
DA:838,1
DA:848,1
DA:861,1
DA:874,1
DA:884,1
DA:897,1
DA:907,1
DA:920,1
DA:930,1
DA:943,1
DA:953,2
DA:966,1
DA:976,1
DA:986,1
DA:1052,19
DA:1053,19
DA:1054,19
DA:1055,19
DA:1056,19
DA:1058,18
DA:1060,1
DA:1062,19
DA:1064,5
DA:1066,14
DA:1068,19
DA:1070,13
DA:1072,6
DA:1074,19
DA:1076,5
DA:1078,14
DA:1080,19
DA:1082,2
DA:1084,17
DA:1086,19
DA:1088,18
DA:1090,1
DA:1092,19
DA:1094,4
DA:1096,15
DA:1098,19
DA:1100,2
DA:1102,17
DA:1104,19
DA:1105,2
DA:1107,1
DA:1109,1
DA:1112,19
DA:1114,2
DA:1116,2
DA:1118,2
DA:1120,2
DA:1122,2
DA:1124,2
DA:1126,2
DA:1128,2
DA:1130,17
DA:1131,17
DA:1132,17
DA:1133,17
DA:1134,17
DA:1135,17
DA:1136,17
DA:1137,17
DA:1139,19
DA:1140,1
DA:1173,10
DA:1174,10
DA:1175,10
DA:1176,3
DA:1178,3
DA:1180,2
DA:1181,2
DA:1184,1
DA:1185,1
DA:1186,1
DA:1187,1
DA:1191,10
DA:1192,3
DA:1194,3
DA:1196,2
DA:1197,2
DA:1200,1
DA:1201,1
DA:1202,1
DA:1203,1
DA:1207,10
DA:1208,3
DA:1210,3
DA:1212,2
DA:1213,2
DA:1216,1
DA:1217,1
DA:1218,1
DA:1219,1
DA:1223,10
DA:1224,3
DA:1226,3
DA:1228,2
DA:1229,2
DA:1232,1
DA:1233,1
DA:1234,1
DA:1235,1
DA:1239,10
DA:1240,3
DA:1242,3
DA:1244,2
DA:1245,2
DA:1248,1
DA:1249,1
DA:1250,1
DA:1251,1
DA:1255,10
DA:1256,3
DA:1258,3
DA:1260,2
DA:1261,2
DA:1264,1
DA:1265,1
DA:1266,1
DA:1267,1
DA:1271,10
DA:1272,3
DA:1274,3
DA:1276,2
DA:1277,2
DA:1280,1
DA:1281,1
DA:1282,1
DA:1283,1
DA:1287,10
DA:1288,3
DA:1290,3
DA:1292,2
DA:1293,2
DA:1296,1
DA:1297,1
DA:1298,1
DA:1299,1
DA:1303,10
DA:1305,2
DA:1308,8
DA:1333,22
DA:1334,22
DA:1335,22
DA:1337,22
DA:1338,1
DA:1339,1
DA:1340,1
DA:1341,1
DA:1343,21
DA:1344,21
DA:1345,21
DA:1346,21
DA:1347,21
DA:1348,21
DA:1349,21
DA:1350,21
DA:1351,21
DA:1353,21
DA:1355,21
DA:1357,21
DA:1358,5
DA:1359,5
DA:1360,5
DA:1361,2
DA:1363,5
DA:1364,4
DA:1365,4
DA:1367,1
DA:1369,5
DA:1372,21
DA:1373,21
DA:1374,20
DA:1375,20
DA:1376,5
DA:1377,5
DA:1378,3
DA:1379,1
DA:1381,2
DA:1384,2
DA:1385,1
DA:1387,1
DA:1391,15
DA:1392,13
DA:1393,13
DA:1394,1
DA:1395,1
DA:1396,1
DA:1398,12
DA:1401,2
DA:1402,2
DA:1403,1
DA:1404,1
DA:1405,1
DA:1407,1
DA:1411,20
DA:1412,20
DA:1415,21
DA:1416,21
DA:1417,21
DA:1418,2
DA:1419,2
DA:1420,2
DA:1422,2
DA:1426,4
DA:1428,4
DA:1429,3
DA:1430,3
DA:1433,2
DA:1436,21
DA:1437,21
DA:1438,21
DA:1439,21
DA:1440,21
DA:1441,21
DA:1442,21
DA:1443,21
DA:1444,21
DA:1445,20
DA:1447,1
DA:1449,21
DA:1450,21
DA:1464,11
DA:1465,11
DA:1466,2
DA:1468,11
DA:1470,10
DA:1472,9
DA:1475,1
DA:1479,1
DA:1491,1
DA:1504,1
DA:1514,1
DA:1527,1
DA:1540,1
DA:1550,1
DA:1563,1
DA:1573,1
DA:1586,1
DA:1596,1
DA:1609,1
DA:1619,2
DA:1632,1
DA:1642,1
DA:1652,1
DA:1690,6
DA:1691,6
DA:1693,6
DA:1695,6
DA:1697,6
DA:1699,6
DA:1701,6
DA:1704,6
DA:1752,6
DA:1753,2
DA:1755,1
DA:1757,1
DA:1767,3
DA:1768,3
DA:1769,3
DA:1770,3
DA:1771,3
DA:1772,3
DA:1773,3
DA:1776,3
DA:1777,3
DA:1778,3
DA:1779,3
DA:1780,93
DA:1781,1
DA:1784,3
DA:1795,3
DA:1796,3
DA:1798,3
DA:1799,1
DA:1801,3
DA:1803,2
DA:1806,1
DA:1846,9
DA:1847,9
DA:1849,9
DA:1851,9
DA:1853,9
DA:1855,9
DA:1857,9
DA:1859,9
DA:1861,9
DA:2020,9
DA:2021,2
DA:2023,1
DA:2025,1
DA:2036,5
DA:2037,5
DA:2196,5
DA:2200,1
DA:2202,5
DA:2223,1
DA:2225,5
DA:2226,5
DA:2227,5
DA:2228,318
DA:2229,4
DA:2230,3
DA:2233,2
DA:2236,1
DA:2237,1
DA:2238,1
DA:2239,1
DA:2240,1
DA:2241,1
DA:2242,1
DA:2245,1
DA:2246,1
DA:2247,1
DA:2248,1
DA:2249,1
DA:2250,1
DA:2255,5
DA:2264,2
DA:2265,2
DA:2266,2
DA:2267,2
DA:2268,2
DA:2269,2
DA:2270,2
DA:2271,2
DA:2272,2
DA:2274,2
DA:2275,2
DA:2276,2
DA:2277,158
DA:2278,1
DA:2281,2
DA:2291,2
DA:2292,2
DA:2294,2
DA:2295,1
DA:2297,2
DA:2299,1
DA:2302,1
DA:2309,1
LF:678
LH:678
BRDA:34,0,0,41
BRDA:34,0,1,16
BRDA:34,1,0,57
BRDA:34,1,1,50
BRDA:35,2,0,34
BRDA:35,2,1,7
BRDA:36,3,0,1
BRDA:36,3,1,33
BRDA:36,4,0,34
BRDA:36,4,1,2
BRDA:38,5,0,32
BRDA:38,5,1,1
BRDA:38,6,0,33
BRDA:38,6,1,33
BRDA:38,6,2,1
BRDA:38,6,3,1
BRDA:47,7,0,4
BRDA:47,7,1,3
BRDA:48,8,0,3
BRDA:48,8,1,1
BRDA:48,9,0,4
BRDA:48,9,1,3
BRDA:50,10,0,1
BRDA:50,10,1,2
BRDA:52,11,0,1
BRDA:52,11,1,1
BRDA:70,12,0,1
BRDA:70,12,1,2
BRDA:75,13,0,1
BRDA:75,13,1,2
BRDA:142,14,0,6
BRDA:142,14,1,26
BRDA:147,15,0,32
BRDA:147,15,1,22
BRDA:149,16,0,32
BRDA:149,16,1,13
BRDA:152,17,0,32
BRDA:152,17,1,14
BRDA:154,18,0,32
BRDA:154,18,1,26
BRDA:155,19,0,6
BRDA:155,19,1,26
BRDA:155,20,0,32
BRDA:155,20,1,5
BRDA:155,20,2,27
BRDA:163,21,0,3
BRDA:163,21,1,29
BRDA:167,22,0,3
BRDA:167,22,1,29
BRDA:172,23,0,4
BRDA:172,23,1,28
BRDA:176,24,0,28
BRDA:176,24,1,28
BRDA:178,25,0,2
BRDA:178,25,1,30
BRDA:179,26,0,1
BRDA:179,26,1,1
BRDA:186,27,0,2
BRDA:186,27,1,30
BRDA:187,28,0,1
BRDA:187,28,1,1
BRDA:194,29,0,2
BRDA:194,29,1,30
BRDA:195,30,0,1
BRDA:195,30,1,1
BRDA:202,31,0,2
BRDA:202,31,1,30
BRDA:203,32,0,1
BRDA:203,32,1,1
BRDA:210,33,0,1
BRDA:210,33,1,31
BRDA:210,34,0,32
BRDA:210,34,1,1
BRDA:213,35,0,1
BRDA:213,35,1,31
BRDA:213,36,0,32
BRDA:213,36,1,1
BRDA:216,37,0,1
BRDA:216,37,1,31
BRDA:216,38,0,32
BRDA:216,38,1,1
BRDA:219,39,0,1
BRDA:219,39,1,31
BRDA:219,40,0,32
BRDA:219,40,1,1
BRDA:237,41,0,5
BRDA:237,41,1,2
BRDA:237,42,0,7
BRDA:237,42,1,5
BRDA:240,43,0,1
BRDA:240,43,1,1
BRDA:265,44,0,1
BRDA:265,44,1,18
BRDA:341,45,0,1
BRDA:341,45,1,6
BRDA:341,46,0,7
BRDA:341,46,1,2
BRDA:345,47,0,1
BRDA:345,47,1,5
BRDA:345,48,0,6
BRDA:345,48,1,5
BRDA:351,49,0,1
BRDA:351,49,1,4
BRDA:351,50,0,5
BRDA:351,50,1,5
BRDA:360,51,0,4
BRDA:360,51,1,1
BRDA:363,52,0,1
BRDA:363,52,1,3
BRDA:407,53,0,1
BRDA:407,53,1,35
BRDA:412,54,0,20
BRDA:412,54,1,15
BRDA:420,55,0,7
BRDA:420,55,1,8
BRDA:428,56,0,7
BRDA:428,56,1,1
BRDA:498,57,0,10
BRDA:498,57,1,6
BRDA:499,58,0,10
BRDA:499,58,1,10
BRDA:500,59,0,10
BRDA:500,59,1,10
BRDA:501,60,0,10
BRDA:501,60,1,10
BRDA:502,61,0,1
BRDA:502,61,1,9
BRDA:508,62,0,1
BRDA:508,62,1,9
BRDA:514,63,0,2
BRDA:514,63,1,8
BRDA:515,64,0,1
BRDA:515,64,1,1
BRDA:522,65,0,1
BRDA:522,65,1,9
BRDA:549,66,0,1
BRDA:549,66,1,9
BRDA:585,67,0,3
BRDA:585,67,1,7
BRDA:601,68,0,3
BRDA:601,68,1,7
BRDA:617,69,0,3
BRDA:617,69,1,7
BRDA:633,70,0,3
BRDA:633,70,1,7
BRDA:649,71,0,3
BRDA:649,71,1,7
BRDA:665,72,0,3
BRDA:665,72,1,7
BRDA:681,73,0,3
BRDA:681,73,1,7
BRDA:697,74,0,3
BRDA:697,74,1,7
BRDA:735,75,0,14
BRDA:735,75,1,2
BRDA:736,76,0,9
BRDA:736,76,1,5
BRDA:738,77,0,1
BRDA:738,77,1,13
BRDA:738,78,0,14
BRDA:738,78,1,13
BRDA:754,79,0,3
BRDA:754,79,1,10
BRDA:755,80,0,3
BRDA:755,80,1,1
BRDA:757,81,0,1
BRDA:757,81,1,2
BRDA:760,82,0,2
BRDA:760,82,1,1
BRDA:799,83,0,2
BRDA:799,83,1,9
BRDA:1053,84,0,19
BRDA:1053,84,1,6
BRDA:1054,85,0,19
BRDA:1054,85,1,19
BRDA:1055,86,0,19
BRDA:1055,86,1,19
BRDA:1056,87,0,18
BRDA:1056,87,1,1
BRDA:1056,88,0,19
BRDA:1056,88,1,9
BRDA:1062,89,0,5
BRDA:1062,89,1,14
BRDA:1068,90,0,13
BRDA:1068,90,1,6
BRDA:1068,91,0,19
BRDA:1068,91,1,10
BRDA:1074,92,0,5
BRDA:1074,92,1,14
BRDA:1080,93,0,2
BRDA:1080,93,1,17
BRDA:1086,94,0,18
BRDA:1086,94,1,1
BRDA:1086,95,0,19
BRDA:1086,95,1,1
BRDA:1092,96,0,4
BRDA:1092,96,1,15
BRDA:1098,97,0,2
BRDA:1098,97,1,17
BRDA:1104,98,0,2
BRDA:1104,98,1,17
BRDA:1105,99,0,1
BRDA:1105,99,1,1
BRDA:1112,100,0,2
BRDA:1112,100,1,17
BRDA:1139,101,0,1
BRDA:1139,101,1,18
BRDA:1175,102,0,3
BRDA:1175,102,1,7
BRDA:1191,103,0,3
BRDA:1191,103,1,7
BRDA:1207,104,0,3
BRDA:1207,104,1,7
BRDA:1223,105,0,3
BRDA:1223,105,1,7
BRDA:1239,106,0,3
BRDA:1239,106,1,7
BRDA:1255,107,0,3
BRDA:1255,107,1,7
BRDA:1271,108,0,3
BRDA:1271,108,1,7
BRDA:1287,109,0,3
BRDA:1287,109,1,7
BRDA:1334,110,0,22
BRDA:1334,110,1,9
BRDA:1335,111,0,9
BRDA:1335,111,1,13
BRDA:1337,112,0,1
BRDA:1337,112,1,21
BRDA:1337,113,0,22
BRDA:1337,113,1,21
BRDA:1343,114,0,21
BRDA:1343,114,1,21
BRDA:1344,115,0,21
BRDA:1344,115,1,21
BRDA:1345,116,0,21
BRDA:1345,116,1,21
BRDA:1346,117,0,21
BRDA:1346,117,1,20
BRDA:1357,118,0,5
BRDA:1357,118,1,16
BRDA:1358,119,0,5
BRDA:1358,119,1,1
BRDA:1360,120,0,2
BRDA:1360,120,1,3
BRDA:1363,121,0,4
BRDA:1363,121,1,1
BRDA:1373,122,0,20
BRDA:1373,122,1,1
BRDA:1375,123,0,5
BRDA:1375,123,1,15
BRDA:1377,124,0,3
BRDA:1377,124,1,2
BRDA:1378,125,0,1
BRDA:1378,125,1,2
BRDA:1384,126,0,1
BRDA:1384,126,1,1
BRDA:1391,127,0,13
BRDA:1391,127,1,2
BRDA:1393,128,0,1
BRDA:1393,128,1,12
BRDA:1402,129,0,1
BRDA:1402,129,1,1
BRDA:1417,130,0,2
BRDA:1417,130,1,19
BRDA:1417,131,0,21
BRDA:1417,131,1,2
BRDA:1428,132,0,3
BRDA:1428,132,1,1
BRDA:1444,133,0,20
BRDA:1444,133,1,1
BRDA:1465,134,0,2
BRDA:1465,134,1,9
BRDA:1691,135,0,6
BRDA:1691,135,1,3
BRDA:1693,136,0,6
BRDA:1693,136,1,5
BRDA:1695,137,0,6
BRDA:1695,137,1,5
BRDA:1697,138,0,6
BRDA:1697,138,1,5
BRDA:1699,139,0,6
BRDA:1699,139,1,5
BRDA:1701,140,0,1
BRDA:1701,140,1,5
BRDA:1704,141,0,6
BRDA:1704,141,1,5
BRDA:1752,142,0,2
BRDA:1752,142,1,4
BRDA:1753,143,0,1
BRDA:1753,143,1,1
BRDA:1780,144,0,1
BRDA:1780,144,1,92
BRDA:1798,145,0,1
BRDA:1798,145,1,2
BRDA:1847,146,0,9
BRDA:1847,146,1,4
BRDA:1849,147,0,9
BRDA:1849,147,1,9
BRDA:1851,148,0,9
BRDA:1851,148,1,9
BRDA:1853,149,0,9
BRDA:1853,149,1,9
BRDA:1855,150,0,9
BRDA:1855,150,1,9
BRDA:1857,151,0,9
BRDA:1857,151,1,9
BRDA:1859,152,0,9
BRDA:1859,152,1,8
BRDA:1861,153,0,9
BRDA:1861,153,1,6
BRDA:2020,154,0,2
BRDA:2020,154,1,7
BRDA:2021,155,0,1
BRDA:2021,155,1,1
BRDA:2196,156,0,1
BRDA:2196,156,1,4
BRDA:2196,157,0,5
BRDA:2196,157,1,5
BRDA:2196,157,2,4
BRDA:2202,158,0,1
BRDA:2202,158,1,4
BRDA:2202,159,0,5
BRDA:2202,159,1,5
BRDA:2202,159,2,4
BRDA:2202,159,3,1
BRDA:2202,159,4,1
BRDA:2202,159,5,1
BRDA:2202,159,6,1
BRDA:2202,159,7,4
BRDA:2202,159,8,1
BRDA:2202,159,9,1
BRDA:2228,160,0,4
BRDA:2228,160,1,314
BRDA:2229,161,0,3
BRDA:2229,161,1,1
BRDA:2230,162,0,2
BRDA:2230,162,1,1
BRDA:2233,163,0,1
BRDA:2233,163,1,1
BRDA:2233,164,0,2
BRDA:2233,164,1,2
BRDA:2233,164,2,2
BRDA:2277,165,0,1
BRDA:2277,165,1,157
BRDA:2294,166,0,1
BRDA:2294,166,1,1
BRF:347
BRH:347
end_of_record
